<html>
<head>
<title>TestNG:  AutoQA</title>
<link href="../testng.css" rel="stylesheet" type="text/css" />
<link href="../my-testng.css" rel="stylesheet" type="text/css" />

<style type="text/css">
.log { display: none;} 
.stack-trace { display: none;} 
</style>
<script type="text/javascript">
<!--
function flip(e) {
  current = e.style.display;
  if (current == 'block') {
    e.style.display = 'none';
    return 0;
  }
  else {
    e.style.display = 'block';
    return 1;
  }
}

function toggleBox(szDivId, elem, msg1, msg2)
{
  var res = -1;  if (document.getElementById) {
    res = flip(document.getElementById(szDivId));
  }
  else if (document.all) {
    // this is the way old msie versions work
    res = flip(document.all[szDivId]);
  }
  if(elem) {
    if(res == 0) elem.innerHTML = msg1; else elem.innerHTML = msg2;
  }

}

function toggleAllBoxes() {
  if (document.getElementsByTagName) {
    d = document.getElementsByTagName('div');
    for (i = 0; i < d.length; i++) {
      if (d[i].className == 'log') {
        flip(d[i]);
      }
    }
  }
}

// -->
</script>

</head>
<body>
<h2 align='center'>AutoQA</h2><table border='1' align="center">
<tr>
<td>Tests passed/Failed/Skipped:</td><td>159/9/0</td>
</tr><tr>
<td>Started on:</td><td>Mon Jun 26 12:41:32 MSK 2017</td>
</tr>
<tr><td>Total time:</td><td>1 seconds (1535 ms)</td>
</tr><tr>
<td>Included groups:</td><td></td>
</tr><tr>
<td>Excluded groups:</td><td></td>
</tr>
</table><p/>
<small><i>(Hover the method name to see the test class name)</i></small><p/>
<table width='100%' border='1' class='invocation-failed'>
<tr><td colspan='4' align='center'><b>FAILED TESTS</b></td></tr>
<tr><td><b>Test method</b></td>
<td width="30%"><b>Exception</b></td>
<td width="10%"><b>Time (seconds)</b></td>
<td><b>Instance</b></td>
</tr>
<tr>
<td title='tests.task0108.Tst0801ArrayExceptionPos.arrayCorrectValues()'><b>arrayCorrectValues</b><br>Test class: tests.task0108.Tst0801ArrayExceptionPos<br>Parameters: 2147483647</td>
<td><div><pre>java.lang.OutOfMemoryError: Requested array size exceeds VM limit
	at main.java.com.epam.Task0108.Array.arrInit(Array.java:18)
	at main.java.com.epam.Task0108.Array.&lt;init&gt;(Array.java:10)
	at tests.task0108.Tst0801ArrayExceptionPos.arrayCorrectValues(Tst0801ArrayExceptionPos.java:27)
... Removed 25 stack frames</pre></div><a href='#' onClick='toggleBox("stack-trace1166807841", this, "Click to show all stack frames", "Click to hide stack frames")'>Click to show all stack frames</a>
<div class='stack-trace' id='stack-trace1166807841'><pre>java.lang.OutOfMemoryError: Requested array size exceeds VM limit
	at main.java.com.epam.Task0108.Array.arrInit(Array.java:18)
	at main.java.com.epam.Task0108.Array.&lt;init&gt;(Array.java:10)
	at tests.task0108.Tst0801ArrayExceptionPos.arrayCorrectValues(Tst0801ArrayExceptionPos.java:27)
	at sun.reflect.NativeMethodAccessorImpl.invoke0(Native Method)
	at sun.reflect.NativeMethodAccessorImpl.invoke(NativeMethodAccessorImpl.java:62)
	at sun.reflect.DelegatingMethodAccessorImpl.invoke(DelegatingMethodAccessorImpl.java:43)
	at java.lang.reflect.Method.invoke(Method.java:498)
	at org.testng.internal.MethodInvocationHelper.invokeMethod(MethodInvocationHelper.java:108)
	at org.testng.internal.Invoker.invokeMethod(Invoker.java:661)
	at org.testng.internal.Invoker.invokeTestMethod(Invoker.java:869)
	at org.testng.internal.Invoker.invokeTestMethods(Invoker.java:1193)
	at org.testng.internal.TestMethodWorker.invokeTestMethods(TestMethodWorker.java:126)
	at org.testng.internal.TestMethodWorker.run(TestMethodWorker.java:109)
	at org.testng.TestRunner.privateRun(TestRunner.java:744)
	at org.testng.TestRunner.run(TestRunner.java:602)
	at org.testng.SuiteRunner.runTest(SuiteRunner.java:380)
	at org.testng.SuiteRunner.runSequentially(SuiteRunner.java:375)
	at org.testng.SuiteRunner.privateRun(SuiteRunner.java:340)
	at org.testng.SuiteRunner.run(SuiteRunner.java:289)
	at org.testng.SuiteRunnerWorker.runSuite(SuiteRunnerWorker.java:52)
	at org.testng.SuiteRunnerWorker.run(SuiteRunnerWorker.java:86)
	at org.testng.TestNG.runSuitesSequentially(TestNG.java:1301)
	at org.testng.TestNG.runSuitesLocally(TestNG.java:1226)
	at org.testng.TestNG.runSuites(TestNG.java:1144)
	at org.testng.TestNG.run(TestNG.java:1115)
	at org.testng.remote.AbstractRemoteTestNG.run(AbstractRemoteTestNG.java:132)
	at org.testng.remote.RemoteTestNG.initAndRun(RemoteTestNG.java:230)
	at org.testng.remote.RemoteTestNG.main(RemoteTestNG.java:76)
</pre></div></td>
<td>0</td>
<td>tests.task0108.Tst0801ArrayExceptionPos@573f2bb1</td></tr>
<tr>
<td title='tests.task0110.Tst1001Generate.catchingIllegalArgExceptionInegerMAXValue()'><b>catchingIllegalArgExceptionInegerMAXValue</b><br>Test class: tests.task0110.Tst1001Generate<br>Parameters: 2147483647</td>
<td><div><pre>java.lang.AssertionError: expected [true] but found [false]
	at tests.task0110.Tst1001Generate.catchingIllegalArgExceptionInegerMAXValue(Tst1001Generate.java:33)
... Removed 29 stack frames</pre></div><a href='#' onClick='toggleBox("stack-trace561247961", this, "Click to show all stack frames", "Click to hide stack frames")'>Click to show all stack frames</a>
<div class='stack-trace' id='stack-trace561247961'><pre>java.lang.AssertionError: expected [true] but found [false]
	at org.testng.Assert.fail(Assert.java:93)
	at org.testng.Assert.failNotEquals(Assert.java:512)
	at org.testng.Assert.assertTrue(Assert.java:41)
	at org.testng.Assert.assertTrue(Assert.java:51)
	at tests.task0110.Tst1001Generate.catchingIllegalArgExceptionInegerMAXValue(Tst1001Generate.java:33)
	at sun.reflect.NativeMethodAccessorImpl.invoke0(Native Method)
	at sun.reflect.NativeMethodAccessorImpl.invoke(NativeMethodAccessorImpl.java:62)
	at sun.reflect.DelegatingMethodAccessorImpl.invoke(DelegatingMethodAccessorImpl.java:43)
	at java.lang.reflect.Method.invoke(Method.java:498)
	at org.testng.internal.MethodInvocationHelper.invokeMethod(MethodInvocationHelper.java:108)
	at org.testng.internal.Invoker.invokeMethod(Invoker.java:661)
	at org.testng.internal.Invoker.invokeTestMethod(Invoker.java:869)
	at org.testng.internal.Invoker.invokeTestMethods(Invoker.java:1193)
	at org.testng.internal.TestMethodWorker.invokeTestMethods(TestMethodWorker.java:126)
	at org.testng.internal.TestMethodWorker.run(TestMethodWorker.java:109)
	at org.testng.TestRunner.privateRun(TestRunner.java:744)
	at org.testng.TestRunner.run(TestRunner.java:602)
	at org.testng.SuiteRunner.runTest(SuiteRunner.java:380)
	at org.testng.SuiteRunner.runSequentially(SuiteRunner.java:375)
	at org.testng.SuiteRunner.privateRun(SuiteRunner.java:340)
	at org.testng.SuiteRunner.run(SuiteRunner.java:289)
	at org.testng.SuiteRunnerWorker.runSuite(SuiteRunnerWorker.java:52)
	at org.testng.SuiteRunnerWorker.run(SuiteRunnerWorker.java:86)
	at org.testng.TestNG.runSuitesSequentially(TestNG.java:1301)
	at org.testng.TestNG.runSuitesLocally(TestNG.java:1226)
	at org.testng.TestNG.runSuites(TestNG.java:1144)
	at org.testng.TestNG.run(TestNG.java:1115)
	at org.testng.remote.AbstractRemoteTestNG.run(AbstractRemoteTestNG.java:132)
	at org.testng.remote.RemoteTestNG.initAndRun(RemoteTestNG.java:230)
	at org.testng.remote.RemoteTestNG.main(RemoteTestNG.java:76)
</pre></div></td>
<td>0</td>
<td>tests.task0110.Tst1001Generate@6d8a00e3</td></tr>
<tr>
<td title='tests.task0102.Tst0201ExpressionResolve.checkResolveCatchArithmeticExpIncorrectValues()'><b>checkResolveCatchArithmeticExpIncorrectValues</b><br>Test class: tests.task0102.Tst0201ExpressionResolve<br>Parameters: NaN, NaN, NaN</td>
<td><div><pre>org.testng.TestException: 
Method Tst0201ExpressionResolve.checkResolveCatchArithmeticExpIncorrectValues(double, double, double)[pri:0, instance:tests.task0102.Tst0201ExpressionResolve@6a2bcfcb] should have thrown an exception of type class java.lang.ArithmeticException
... Removed 22 stack frames</pre></div><a href='#' onClick='toggleBox("stack-trace909295153", this, "Click to show all stack frames", "Click to hide stack frames")'>Click to show all stack frames</a>
<div class='stack-trace' id='stack-trace909295153'><pre>org.testng.TestException: 
Method Tst0201ExpressionResolve.checkResolveCatchArithmeticExpIncorrectValues(double, double, double)[pri:0, instance:tests.task0102.Tst0201ExpressionResolve@6a2bcfcb] should have thrown an exception of type class java.lang.ArithmeticException
	at org.testng.internal.ExpectedExceptionsHolder.noException(ExpectedExceptionsHolder.java:89)
	at org.testng.internal.Invoker.handleInvocationResults(Invoker.java:1416)
	at org.testng.internal.Invoker.invokeMethod(Invoker.java:695)
	at org.testng.internal.Invoker.invokeTestMethod(Invoker.java:869)
	at org.testng.internal.Invoker.invokeTestMethods(Invoker.java:1193)
	at org.testng.internal.TestMethodWorker.invokeTestMethods(TestMethodWorker.java:126)
	at org.testng.internal.TestMethodWorker.run(TestMethodWorker.java:109)
	at org.testng.TestRunner.privateRun(TestRunner.java:744)
	at org.testng.TestRunner.run(TestRunner.java:602)
	at org.testng.SuiteRunner.runTest(SuiteRunner.java:380)
	at org.testng.SuiteRunner.runSequentially(SuiteRunner.java:375)
	at org.testng.SuiteRunner.privateRun(SuiteRunner.java:340)
	at org.testng.SuiteRunner.run(SuiteRunner.java:289)
	at org.testng.SuiteRunnerWorker.runSuite(SuiteRunnerWorker.java:52)
	at org.testng.SuiteRunnerWorker.run(SuiteRunnerWorker.java:86)
	at org.testng.TestNG.runSuitesSequentially(TestNG.java:1301)
	at org.testng.TestNG.runSuitesLocally(TestNG.java:1226)
	at org.testng.TestNG.runSuites(TestNG.java:1144)
	at org.testng.TestNG.run(TestNG.java:1115)
	at org.testng.remote.AbstractRemoteTestNG.run(AbstractRemoteTestNG.java:132)
	at org.testng.remote.RemoteTestNG.initAndRun(RemoteTestNG.java:230)
	at org.testng.remote.RemoteTestNG.main(RemoteTestNG.java:76)
</pre></div></td>
<td>0</td>
<td>tests.task0102.Tst0201ExpressionResolve@6a2bcfcb</td></tr>
<tr>
<td title='tests.task0102.Tst0201ExpressionResolve.checkResolveCatchIllegalArgExpIncorrectValues()'><b>checkResolveCatchIllegalArgExpIncorrectValues</b><br>Test class: tests.task0102.Tst0201ExpressionResolve<br>Parameters: NaN, NaN, NaN</td>
<td><div><pre>org.testng.TestException: 
Method Tst0201ExpressionResolve.checkResolveCatchIllegalArgExpIncorrectValues(double, double, double)[pri:0, instance:tests.task0102.Tst0201ExpressionResolve@6a2bcfcb] should have thrown an exception of type class java.lang.IllegalArgumentException
... Removed 22 stack frames</pre></div><a href='#' onClick='toggleBox("stack-trace923219673", this, "Click to show all stack frames", "Click to hide stack frames")'>Click to show all stack frames</a>
<div class='stack-trace' id='stack-trace923219673'><pre>org.testng.TestException: 
Method Tst0201ExpressionResolve.checkResolveCatchIllegalArgExpIncorrectValues(double, double, double)[pri:0, instance:tests.task0102.Tst0201ExpressionResolve@6a2bcfcb] should have thrown an exception of type class java.lang.IllegalArgumentException
	at org.testng.internal.ExpectedExceptionsHolder.noException(ExpectedExceptionsHolder.java:89)
	at org.testng.internal.Invoker.handleInvocationResults(Invoker.java:1416)
	at org.testng.internal.Invoker.invokeMethod(Invoker.java:695)
	at org.testng.internal.Invoker.invokeTestMethod(Invoker.java:869)
	at org.testng.internal.Invoker.invokeTestMethods(Invoker.java:1193)
	at org.testng.internal.TestMethodWorker.invokeTestMethods(TestMethodWorker.java:126)
	at org.testng.internal.TestMethodWorker.run(TestMethodWorker.java:109)
	at org.testng.TestRunner.privateRun(TestRunner.java:744)
	at org.testng.TestRunner.run(TestRunner.java:602)
	at org.testng.SuiteRunner.runTest(SuiteRunner.java:380)
	at org.testng.SuiteRunner.runSequentially(SuiteRunner.java:375)
	at org.testng.SuiteRunner.privateRun(SuiteRunner.java:340)
	at org.testng.SuiteRunner.run(SuiteRunner.java:289)
	at org.testng.SuiteRunnerWorker.runSuite(SuiteRunnerWorker.java:52)
	at org.testng.SuiteRunnerWorker.run(SuiteRunnerWorker.java:86)
	at org.testng.TestNG.runSuitesSequentially(TestNG.java:1301)
	at org.testng.TestNG.runSuitesLocally(TestNG.java:1226)
	at org.testng.TestNG.runSuites(TestNG.java:1144)
	at org.testng.TestNG.run(TestNG.java:1115)
	at org.testng.remote.AbstractRemoteTestNG.run(AbstractRemoteTestNG.java:132)
	at org.testng.remote.RemoteTestNG.initAndRun(RemoteTestNG.java:230)
	at org.testng.remote.RemoteTestNG.main(RemoteTestNG.java:76)
</pre></div></td>
<td>0</td>
<td>tests.task0102.Tst0201ExpressionResolve@6a2bcfcb</td></tr>
<tr>
<td title='tests.task0108.Tst0801ArrayExceptionPos.divisionByZero()'><b>divisionByZero</b><br>Test class: tests.task0108.Tst0801ArrayExceptionPos<br>Parameters: [I@3d921e20, 0, 2</td>
<td><div><pre>java.lang.ArithmeticException: / by zero
	at main.java.com.epam.Task0108.Array.sum(Array.java:33)
	at tests.task0108.Tst0801ArrayExceptionPos.divisionByZero(Tst0801ArrayExceptionPos.java:46)
... Removed 25 stack frames</pre></div><a href='#' onClick='toggleBox("stack-trace2048834776", this, "Click to show all stack frames", "Click to hide stack frames")'>Click to show all stack frames</a>
<div class='stack-trace' id='stack-trace2048834776'><pre>java.lang.ArithmeticException: / by zero
	at main.java.com.epam.Task0108.Array.sum(Array.java:33)
	at tests.task0108.Tst0801ArrayExceptionPos.divisionByZero(Tst0801ArrayExceptionPos.java:46)
	at sun.reflect.NativeMethodAccessorImpl.invoke0(Native Method)
	at sun.reflect.NativeMethodAccessorImpl.invoke(NativeMethodAccessorImpl.java:62)
	at sun.reflect.DelegatingMethodAccessorImpl.invoke(DelegatingMethodAccessorImpl.java:43)
	at java.lang.reflect.Method.invoke(Method.java:498)
	at org.testng.internal.MethodInvocationHelper.invokeMethod(MethodInvocationHelper.java:108)
	at org.testng.internal.Invoker.invokeMethod(Invoker.java:661)
	at org.testng.internal.Invoker.invokeTestMethod(Invoker.java:869)
	at org.testng.internal.Invoker.invokeTestMethods(Invoker.java:1193)
	at org.testng.internal.TestMethodWorker.invokeTestMethods(TestMethodWorker.java:126)
	at org.testng.internal.TestMethodWorker.run(TestMethodWorker.java:109)
	at org.testng.TestRunner.privateRun(TestRunner.java:744)
	at org.testng.TestRunner.run(TestRunner.java:602)
	at org.testng.SuiteRunner.runTest(SuiteRunner.java:380)
	at org.testng.SuiteRunner.runSequentially(SuiteRunner.java:375)
	at org.testng.SuiteRunner.privateRun(SuiteRunner.java:340)
	at org.testng.SuiteRunner.run(SuiteRunner.java:289)
	at org.testng.SuiteRunnerWorker.runSuite(SuiteRunnerWorker.java:52)
	at org.testng.SuiteRunnerWorker.run(SuiteRunnerWorker.java:86)
	at org.testng.TestNG.runSuitesSequentially(TestNG.java:1301)
	at org.testng.TestNG.runSuitesLocally(TestNG.java:1226)
	at org.testng.TestNG.runSuites(TestNG.java:1144)
	at org.testng.TestNG.run(TestNG.java:1115)
	at org.testng.remote.AbstractRemoteTestNG.run(AbstractRemoteTestNG.java:132)
	at org.testng.remote.RemoteTestNG.initAndRun(RemoteTestNG.java:230)
	at org.testng.remote.RemoteTestNG.main(RemoteTestNG.java:76)
</pre></div></td>
<td>0</td>
<td>tests.task0108.Tst0801ArrayExceptionPos@573f2bb1</td></tr>
<tr>
<td title='tests.task0108.Tst0801ArrayExceptionPos.divisionByZeroCatchExp()'><b>divisionByZeroCatchExp</b><br>Test class: tests.task0108.Tst0801ArrayExceptionPos<br>Parameters: [I@36b4cef0, 0, 6</td>
<td><div><pre>java.lang.AssertionError: expected [true] but found [false]
	at tests.task0108.Tst0801ArrayExceptionPos.divisionByZeroCatchExp(Tst0801ArrayExceptionPos.java:71)
... Removed 29 stack frames</pre></div><a href='#' onClick='toggleBox("stack-trace1384722895", this, "Click to show all stack frames", "Click to hide stack frames")'>Click to show all stack frames</a>
<div class='stack-trace' id='stack-trace1384722895'><pre>java.lang.AssertionError: expected [true] but found [false]
	at org.testng.Assert.fail(Assert.java:93)
	at org.testng.Assert.failNotEquals(Assert.java:512)
	at org.testng.Assert.assertTrue(Assert.java:41)
	at org.testng.Assert.assertTrue(Assert.java:51)
	at tests.task0108.Tst0801ArrayExceptionPos.divisionByZeroCatchExp(Tst0801ArrayExceptionPos.java:71)
	at sun.reflect.NativeMethodAccessorImpl.invoke0(Native Method)
	at sun.reflect.NativeMethodAccessorImpl.invoke(NativeMethodAccessorImpl.java:62)
	at sun.reflect.DelegatingMethodAccessorImpl.invoke(DelegatingMethodAccessorImpl.java:43)
	at java.lang.reflect.Method.invoke(Method.java:498)
	at org.testng.internal.MethodInvocationHelper.invokeMethod(MethodInvocationHelper.java:108)
	at org.testng.internal.Invoker.invokeMethod(Invoker.java:661)
	at org.testng.internal.Invoker.invokeTestMethod(Invoker.java:869)
	at org.testng.internal.Invoker.invokeTestMethods(Invoker.java:1193)
	at org.testng.internal.TestMethodWorker.invokeTestMethods(TestMethodWorker.java:126)
	at org.testng.internal.TestMethodWorker.run(TestMethodWorker.java:109)
	at org.testng.TestRunner.privateRun(TestRunner.java:744)
	at org.testng.TestRunner.run(TestRunner.java:602)
	at org.testng.SuiteRunner.runTest(SuiteRunner.java:380)
	at org.testng.SuiteRunner.runSequentially(SuiteRunner.java:375)
	at org.testng.SuiteRunner.privateRun(SuiteRunner.java:340)
	at org.testng.SuiteRunner.run(SuiteRunner.java:289)
	at org.testng.SuiteRunnerWorker.runSuite(SuiteRunnerWorker.java:52)
	at org.testng.SuiteRunnerWorker.run(SuiteRunnerWorker.java:86)
	at org.testng.TestNG.runSuitesSequentially(TestNG.java:1301)
	at org.testng.TestNG.runSuitesLocally(TestNG.java:1226)
	at org.testng.TestNG.runSuites(TestNG.java:1144)
	at org.testng.TestNG.run(TestNG.java:1115)
	at org.testng.remote.AbstractRemoteTestNG.run(AbstractRemoteTestNG.java:132)
	at org.testng.remote.RemoteTestNG.initAndRun(RemoteTestNG.java:230)
	at org.testng.remote.RemoteTestNG.main(RemoteTestNG.java:76)
</pre></div></td>
<td>0</td>
<td>tests.task0108.Tst0801ArrayExceptionPos@573f2bb1</td></tr>
<tr>
<td title='tests.task0107.Tst0701Solve.f()'><b>f</b><br>Test class: tests.task0107.Tst0701Solve<br>Parameters: [Ljava.lang.Double;@fad74ee, [Ljava.lang.Double;@1a1d6a08</td>
<td><div><pre>java.lang.AssertionError: expected [true] but found [false]
	at tests.task0107.Tst0701Solve.f(Tst0701Solve.java:43)
... Removed 29 stack frames</pre></div><a href='#' onClick='toggleBox("stack-trace92150540", this, "Click to show all stack frames", "Click to hide stack frames")'>Click to show all stack frames</a>
<div class='stack-trace' id='stack-trace92150540'><pre>java.lang.AssertionError: expected [true] but found [false]
	at org.testng.Assert.fail(Assert.java:93)
	at org.testng.Assert.failNotEquals(Assert.java:512)
	at org.testng.Assert.assertTrue(Assert.java:41)
	at org.testng.Assert.assertTrue(Assert.java:51)
	at tests.task0107.Tst0701Solve.f(Tst0701Solve.java:43)
	at sun.reflect.NativeMethodAccessorImpl.invoke0(Native Method)
	at sun.reflect.NativeMethodAccessorImpl.invoke(NativeMethodAccessorImpl.java:62)
	at sun.reflect.DelegatingMethodAccessorImpl.invoke(DelegatingMethodAccessorImpl.java:43)
	at java.lang.reflect.Method.invoke(Method.java:498)
	at org.testng.internal.MethodInvocationHelper.invokeMethod(MethodInvocationHelper.java:108)
	at org.testng.internal.Invoker.invokeMethod(Invoker.java:661)
	at org.testng.internal.Invoker.invokeTestMethod(Invoker.java:869)
	at org.testng.internal.Invoker.invokeTestMethods(Invoker.java:1193)
	at org.testng.internal.TestMethodWorker.invokeTestMethods(TestMethodWorker.java:126)
	at org.testng.internal.TestMethodWorker.run(TestMethodWorker.java:109)
	at org.testng.TestRunner.privateRun(TestRunner.java:744)
	at org.testng.TestRunner.run(TestRunner.java:602)
	at org.testng.SuiteRunner.runTest(SuiteRunner.java:380)
	at org.testng.SuiteRunner.runSequentially(SuiteRunner.java:375)
	at org.testng.SuiteRunner.privateRun(SuiteRunner.java:340)
	at org.testng.SuiteRunner.run(SuiteRunner.java:289)
	at org.testng.SuiteRunnerWorker.runSuite(SuiteRunnerWorker.java:52)
	at org.testng.SuiteRunnerWorker.run(SuiteRunnerWorker.java:86)
	at org.testng.TestNG.runSuitesSequentially(TestNG.java:1301)
	at org.testng.TestNG.runSuitesLocally(TestNG.java:1226)
	at org.testng.TestNG.runSuites(TestNG.java:1144)
	at org.testng.TestNG.run(TestNG.java:1115)
	at org.testng.remote.AbstractRemoteTestNG.run(AbstractRemoteTestNG.java:132)
	at org.testng.remote.RemoteTestNG.initAndRun(RemoteTestNG.java:230)
	at org.testng.remote.RemoteTestNG.main(RemoteTestNG.java:76)
</pre></div></td>
<td>0</td>
<td>tests.task0107.Tst0701Solve@402f32ff</td></tr>
<tr>
<td title='tests.task0103.Tst0301Triangle.getAreaValidValue()'><b>getAreaValidValue</b><br>Test class: tests.task0103.Tst0301Triangle<br>Parameters: 1, 1, 0.5</td>
<td><div><pre>java.lang.AssertionError: expected [0.5] but found [1.0]
	at tests.task0103.Tst0301Triangle.getAreaValidValue(Tst0301Triangle.java:38)
... Removed 30 stack frames</pre></div><a href='#' onClick='toggleBox("stack-trace1465085305", this, "Click to show all stack frames", "Click to hide stack frames")'>Click to show all stack frames</a>
<div class='stack-trace' id='stack-trace1465085305'><pre>java.lang.AssertionError: expected [0.5] but found [1.0]
	at org.testng.Assert.fail(Assert.java:93)
	at org.testng.Assert.failNotEquals(Assert.java:512)
	at org.testng.Assert.assertEqualsImpl(Assert.java:134)
	at org.testng.Assert.assertEquals(Assert.java:115)
	at org.testng.Assert.assertEquals(Assert.java:178)
	at tests.task0103.Tst0301Triangle.getAreaValidValue(Tst0301Triangle.java:38)
	at sun.reflect.NativeMethodAccessorImpl.invoke0(Native Method)
	at sun.reflect.NativeMethodAccessorImpl.invoke(NativeMethodAccessorImpl.java:62)
	at sun.reflect.DelegatingMethodAccessorImpl.invoke(DelegatingMethodAccessorImpl.java:43)
	at java.lang.reflect.Method.invoke(Method.java:498)
	at org.testng.internal.MethodInvocationHelper.invokeMethod(MethodInvocationHelper.java:108)
	at org.testng.internal.Invoker.invokeMethod(Invoker.java:661)
	at org.testng.internal.Invoker.invokeTestMethod(Invoker.java:869)
	at org.testng.internal.Invoker.invokeTestMethods(Invoker.java:1193)
	at org.testng.internal.TestMethodWorker.invokeTestMethods(TestMethodWorker.java:126)
	at org.testng.internal.TestMethodWorker.run(TestMethodWorker.java:109)
	at org.testng.TestRunner.privateRun(TestRunner.java:744)
	at org.testng.TestRunner.run(TestRunner.java:602)
	at org.testng.SuiteRunner.runTest(SuiteRunner.java:380)
	at org.testng.SuiteRunner.runSequentially(SuiteRunner.java:375)
	at org.testng.SuiteRunner.privateRun(SuiteRunner.java:340)
	at org.testng.SuiteRunner.run(SuiteRunner.java:289)
	at org.testng.SuiteRunnerWorker.runSuite(SuiteRunnerWorker.java:52)
	at org.testng.SuiteRunnerWorker.run(SuiteRunnerWorker.java:86)
	at org.testng.TestNG.runSuitesSequentially(TestNG.java:1301)
	at org.testng.TestNG.runSuitesLocally(TestNG.java:1226)
	at org.testng.TestNG.runSuites(TestNG.java:1144)
	at org.testng.TestNG.run(TestNG.java:1115)
	at org.testng.remote.AbstractRemoteTestNG.run(AbstractRemoteTestNG.java:132)
	at org.testng.remote.RemoteTestNG.initAndRun(RemoteTestNG.java:230)
	at org.testng.remote.RemoteTestNG.main(RemoteTestNG.java:76)
</pre></div></td>
<td>0</td>
<td>tests.task0103.Tst0301Triangle@4de8b406</td></tr>
<tr>
<td title='tests.task0103.Tst0301Triangle.getAreaValidValue()'><b>getAreaValidValue</b><br>Test class: tests.task0103.Tst0301Triangle<br>Parameters: 3, 4, 6</td>
<td><div><pre>java.lang.AssertionError: expected [6.0] but found [3.5]
	at tests.task0103.Tst0301Triangle.getAreaValidValue(Tst0301Triangle.java:38)
... Removed 30 stack frames</pre></div><a href='#' onClick='toggleBox("stack-trace1262822392", this, "Click to show all stack frames", "Click to hide stack frames")'>Click to show all stack frames</a>
<div class='stack-trace' id='stack-trace1262822392'><pre>java.lang.AssertionError: expected [6.0] but found [3.5]
	at org.testng.Assert.fail(Assert.java:93)
	at org.testng.Assert.failNotEquals(Assert.java:512)
	at org.testng.Assert.assertEqualsImpl(Assert.java:134)
	at org.testng.Assert.assertEquals(Assert.java:115)
	at org.testng.Assert.assertEquals(Assert.java:178)
	at tests.task0103.Tst0301Triangle.getAreaValidValue(Tst0301Triangle.java:38)
	at sun.reflect.NativeMethodAccessorImpl.invoke0(Native Method)
	at sun.reflect.NativeMethodAccessorImpl.invoke(NativeMethodAccessorImpl.java:62)
	at sun.reflect.DelegatingMethodAccessorImpl.invoke(DelegatingMethodAccessorImpl.java:43)
	at java.lang.reflect.Method.invoke(Method.java:498)
	at org.testng.internal.MethodInvocationHelper.invokeMethod(MethodInvocationHelper.java:108)
	at org.testng.internal.Invoker.invokeMethod(Invoker.java:661)
	at org.testng.internal.Invoker.invokeTestMethod(Invoker.java:869)
	at org.testng.internal.Invoker.invokeTestMethods(Invoker.java:1193)
	at org.testng.internal.TestMethodWorker.invokeTestMethods(TestMethodWorker.java:126)
	at org.testng.internal.TestMethodWorker.run(TestMethodWorker.java:109)
	at org.testng.TestRunner.privateRun(TestRunner.java:744)
	at org.testng.TestRunner.run(TestRunner.java:602)
	at org.testng.SuiteRunner.runTest(SuiteRunner.java:380)
	at org.testng.SuiteRunner.runSequentially(SuiteRunner.java:375)
	at org.testng.SuiteRunner.privateRun(SuiteRunner.java:340)
	at org.testng.SuiteRunner.run(SuiteRunner.java:289)
	at org.testng.SuiteRunnerWorker.runSuite(SuiteRunnerWorker.java:52)
	at org.testng.SuiteRunnerWorker.run(SuiteRunnerWorker.java:86)
	at org.testng.TestNG.runSuitesSequentially(TestNG.java:1301)
	at org.testng.TestNG.runSuitesLocally(TestNG.java:1226)
	at org.testng.TestNG.runSuites(TestNG.java:1144)
	at org.testng.TestNG.run(TestNG.java:1115)
	at org.testng.remote.AbstractRemoteTestNG.run(AbstractRemoteTestNG.java:132)
	at org.testng.remote.RemoteTestNG.initAndRun(RemoteTestNG.java:230)
	at org.testng.remote.RemoteTestNG.main(RemoteTestNG.java:76)
</pre></div></td>
<td>0</td>
<td>tests.task0103.Tst0301Triangle@4de8b406</td></tr>
</table><p>
<table width='100%' border='1' class='invocation-passed'>
<tr><td colspan='4' align='center'><b>PASSED TESTS</b></td></tr>
<tr><td><b>Test method</b></td>
<td width="30%"><b>Exception</b></td>
<td width="10%"><b>Time (seconds)</b></td>
<td><b>Instance</b></td>
</tr>
<tr>
<td title='tests.task0108.Tst0801ArrayExceptionPos.arrayCorrectValues()'><b>arrayCorrectValues</b><br>Test class: tests.task0108.Tst0801ArrayExceptionPos<br>Parameters: 0</td>
<td></td>
<td>0</td>
<td>tests.task0108.Tst0801ArrayExceptionPos@573f2bb1</td></tr>
<tr>
<td title='tests.task0109.Tst0901GenerateArrayAndJoin.catchingIllegalArgException()'><b>catchingIllegalArgException</b><br>Test class: tests.task0109.Tst0901GenerateArrayAndJoin<br>Parameters: -1</td>
<td><div><pre>java.lang.IllegalArgumentException: Size can not be a negative number
	at tests.task0109.Tst0901GenerateArrayAndJoin.catchingIllegalArgException(Tst0901GenerateArrayAndJoin.java:22)
... Removed 25 stack frames</pre></div><a href='#' onClick='toggleBox("stack-trace809762318", this, "Click to show all stack frames", "Click to hide stack frames")'>Click to show all stack frames</a>
<div class='stack-trace' id='stack-trace809762318'><pre>java.lang.IllegalArgumentException: Size can not be a negative number
	at tests.task0109.Tst0901GenerateArrayAndJoin.catchingIllegalArgException(Tst0901GenerateArrayAndJoin.java:22)
	at sun.reflect.NativeMethodAccessorImpl.invoke0(Native Method)
	at sun.reflect.NativeMethodAccessorImpl.invoke(NativeMethodAccessorImpl.java:62)
	at sun.reflect.DelegatingMethodAccessorImpl.invoke(DelegatingMethodAccessorImpl.java:43)
	at java.lang.reflect.Method.invoke(Method.java:498)
	at org.testng.internal.MethodInvocationHelper.invokeMethod(MethodInvocationHelper.java:108)
	at org.testng.internal.Invoker.invokeMethod(Invoker.java:661)
	at org.testng.internal.Invoker.invokeTestMethod(Invoker.java:869)
	at org.testng.internal.Invoker.invokeTestMethods(Invoker.java:1193)
	at org.testng.internal.TestMethodWorker.invokeTestMethods(TestMethodWorker.java:126)
	at org.testng.internal.TestMethodWorker.run(TestMethodWorker.java:109)
	at org.testng.TestRunner.privateRun(TestRunner.java:744)
	at org.testng.TestRunner.run(TestRunner.java:602)
	at org.testng.SuiteRunner.runTest(SuiteRunner.java:380)
	at org.testng.SuiteRunner.runSequentially(SuiteRunner.java:375)
	at org.testng.SuiteRunner.privateRun(SuiteRunner.java:340)
	at org.testng.SuiteRunner.run(SuiteRunner.java:289)
	at org.testng.SuiteRunnerWorker.runSuite(SuiteRunnerWorker.java:52)
	at org.testng.SuiteRunnerWorker.run(SuiteRunnerWorker.java:86)
	at org.testng.TestNG.runSuitesSequentially(TestNG.java:1301)
	at org.testng.TestNG.runSuitesLocally(TestNG.java:1226)
	at org.testng.TestNG.runSuites(TestNG.java:1144)
	at org.testng.TestNG.run(TestNG.java:1115)
	at org.testng.remote.AbstractRemoteTestNG.run(AbstractRemoteTestNG.java:132)
	at org.testng.remote.RemoteTestNG.initAndRun(RemoteTestNG.java:230)
	at org.testng.remote.RemoteTestNG.main(RemoteTestNG.java:76)
</pre></div></td>
<td>0</td>
<td>tests.task0109.Tst0901GenerateArrayAndJoin@5ae9a829</td></tr>
<tr>
<td title='tests.task0109.Tst0901GenerateArrayAndJoin.catchingIllegalArgException()'><b>catchingIllegalArgException</b><br>Test class: tests.task0109.Tst0901GenerateArrayAndJoin<br>Parameters: -2147483648</td>
<td><div><pre>java.lang.IllegalArgumentException: Size can not be a negative number
	at tests.task0109.Tst0901GenerateArrayAndJoin.catchingIllegalArgException(Tst0901GenerateArrayAndJoin.java:22)
... Removed 25 stack frames</pre></div><a href='#' onClick='toggleBox("stack-trace198761306", this, "Click to show all stack frames", "Click to hide stack frames")'>Click to show all stack frames</a>
<div class='stack-trace' id='stack-trace198761306'><pre>java.lang.IllegalArgumentException: Size can not be a negative number
	at tests.task0109.Tst0901GenerateArrayAndJoin.catchingIllegalArgException(Tst0901GenerateArrayAndJoin.java:22)
	at sun.reflect.NativeMethodAccessorImpl.invoke0(Native Method)
	at sun.reflect.NativeMethodAccessorImpl.invoke(NativeMethodAccessorImpl.java:62)
	at sun.reflect.DelegatingMethodAccessorImpl.invoke(DelegatingMethodAccessorImpl.java:43)
	at java.lang.reflect.Method.invoke(Method.java:498)
	at org.testng.internal.MethodInvocationHelper.invokeMethod(MethodInvocationHelper.java:108)
	at org.testng.internal.Invoker.invokeMethod(Invoker.java:661)
	at org.testng.internal.Invoker.invokeTestMethod(Invoker.java:869)
	at org.testng.internal.Invoker.invokeTestMethods(Invoker.java:1193)
	at org.testng.internal.TestMethodWorker.invokeTestMethods(TestMethodWorker.java:126)
	at org.testng.internal.TestMethodWorker.run(TestMethodWorker.java:109)
	at org.testng.TestRunner.privateRun(TestRunner.java:744)
	at org.testng.TestRunner.run(TestRunner.java:602)
	at org.testng.SuiteRunner.runTest(SuiteRunner.java:380)
	at org.testng.SuiteRunner.runSequentially(SuiteRunner.java:375)
	at org.testng.SuiteRunner.privateRun(SuiteRunner.java:340)
	at org.testng.SuiteRunner.run(SuiteRunner.java:289)
	at org.testng.SuiteRunnerWorker.runSuite(SuiteRunnerWorker.java:52)
	at org.testng.SuiteRunnerWorker.run(SuiteRunnerWorker.java:86)
	at org.testng.TestNG.runSuitesSequentially(TestNG.java:1301)
	at org.testng.TestNG.runSuitesLocally(TestNG.java:1226)
	at org.testng.TestNG.runSuites(TestNG.java:1144)
	at org.testng.TestNG.run(TestNG.java:1115)
	at org.testng.remote.AbstractRemoteTestNG.run(AbstractRemoteTestNG.java:132)
	at org.testng.remote.RemoteTestNG.initAndRun(RemoteTestNG.java:230)
	at org.testng.remote.RemoteTestNG.main(RemoteTestNG.java:76)
</pre></div></td>
<td>0</td>
<td>tests.task0109.Tst0901GenerateArrayAndJoin@5ae9a829</td></tr>
<tr>
<td title='tests.task0109.Tst0901GenerateArrayAndJoin.catchingIllegalArgExceptionInsertPositionBiggerArrayLength()'><b>catchingIllegalArgExceptionInsertPositionBiggerArrayLength</b><br>Test class: tests.task0109.Tst0901GenerateArrayAndJoin<br>Parameters: [I@37d31475, [I@27808f31, 6</td>
<td><div><pre>java.lang.IllegalArgumentException: k should be less than arr1 size
	at tests.task0109.Tst0901GenerateArrayAndJoin.catchingIllegalArgExceptionInsertPositionBiggerArrayLength(Tst0901GenerateArrayAndJoin.java:38)
... Removed 25 stack frames</pre></div><a href='#' onClick='toggleBox("stack-trace525571", this, "Click to show all stack frames", "Click to hide stack frames")'>Click to show all stack frames</a>
<div class='stack-trace' id='stack-trace525571'><pre>java.lang.IllegalArgumentException: k should be less than arr1 size
	at tests.task0109.Tst0901GenerateArrayAndJoin.catchingIllegalArgExceptionInsertPositionBiggerArrayLength(Tst0901GenerateArrayAndJoin.java:38)
	at sun.reflect.NativeMethodAccessorImpl.invoke0(Native Method)
	at sun.reflect.NativeMethodAccessorImpl.invoke(NativeMethodAccessorImpl.java:62)
	at sun.reflect.DelegatingMethodAccessorImpl.invoke(DelegatingMethodAccessorImpl.java:43)
	at java.lang.reflect.Method.invoke(Method.java:498)
	at org.testng.internal.MethodInvocationHelper.invokeMethod(MethodInvocationHelper.java:108)
	at org.testng.internal.Invoker.invokeMethod(Invoker.java:661)
	at org.testng.internal.Invoker.invokeTestMethod(Invoker.java:869)
	at org.testng.internal.Invoker.invokeTestMethods(Invoker.java:1193)
	at org.testng.internal.TestMethodWorker.invokeTestMethods(TestMethodWorker.java:126)
	at org.testng.internal.TestMethodWorker.run(TestMethodWorker.java:109)
	at org.testng.TestRunner.privateRun(TestRunner.java:744)
	at org.testng.TestRunner.run(TestRunner.java:602)
	at org.testng.SuiteRunner.runTest(SuiteRunner.java:380)
	at org.testng.SuiteRunner.runSequentially(SuiteRunner.java:375)
	at org.testng.SuiteRunner.privateRun(SuiteRunner.java:340)
	at org.testng.SuiteRunner.run(SuiteRunner.java:289)
	at org.testng.SuiteRunnerWorker.runSuite(SuiteRunnerWorker.java:52)
	at org.testng.SuiteRunnerWorker.run(SuiteRunnerWorker.java:86)
	at org.testng.TestNG.runSuitesSequentially(TestNG.java:1301)
	at org.testng.TestNG.runSuitesLocally(TestNG.java:1226)
	at org.testng.TestNG.runSuites(TestNG.java:1144)
	at org.testng.TestNG.run(TestNG.java:1115)
	at org.testng.remote.AbstractRemoteTestNG.run(AbstractRemoteTestNG.java:132)
	at org.testng.remote.RemoteTestNG.initAndRun(RemoteTestNG.java:230)
	at org.testng.remote.RemoteTestNG.main(RemoteTestNG.java:76)
</pre></div></td>
<td>0</td>
<td>tests.task0109.Tst0901GenerateArrayAndJoin@5ae9a829</td></tr>
<tr>
<td title='tests.task0109.Tst0901GenerateArrayAndJoin.catchingIllegalArgExceptionInsertPositionBiggerArrayLength()'><b>catchingIllegalArgExceptionInsertPositionBiggerArrayLength</b><br>Test class: tests.task0109.Tst0901GenerateArrayAndJoin<br>Parameters: [I@436e852b, [I@32d2fa64, 1</td>
<td><div><pre>java.lang.IllegalArgumentException: k should be less than arr1 size
	at tests.task0109.Tst0901GenerateArrayAndJoin.catchingIllegalArgExceptionInsertPositionBiggerArrayLength(Tst0901GenerateArrayAndJoin.java:38)
... Removed 25 stack frames</pre></div><a href='#' onClick='toggleBox("stack-trace110771485", this, "Click to show all stack frames", "Click to hide stack frames")'>Click to show all stack frames</a>
<div class='stack-trace' id='stack-trace110771485'><pre>java.lang.IllegalArgumentException: k should be less than arr1 size
	at tests.task0109.Tst0901GenerateArrayAndJoin.catchingIllegalArgExceptionInsertPositionBiggerArrayLength(Tst0901GenerateArrayAndJoin.java:38)
	at sun.reflect.NativeMethodAccessorImpl.invoke0(Native Method)
	at sun.reflect.NativeMethodAccessorImpl.invoke(NativeMethodAccessorImpl.java:62)
	at sun.reflect.DelegatingMethodAccessorImpl.invoke(DelegatingMethodAccessorImpl.java:43)
	at java.lang.reflect.Method.invoke(Method.java:498)
	at org.testng.internal.MethodInvocationHelper.invokeMethod(MethodInvocationHelper.java:108)
	at org.testng.internal.Invoker.invokeMethod(Invoker.java:661)
	at org.testng.internal.Invoker.invokeTestMethod(Invoker.java:869)
	at org.testng.internal.Invoker.invokeTestMethods(Invoker.java:1193)
	at org.testng.internal.TestMethodWorker.invokeTestMethods(TestMethodWorker.java:126)
	at org.testng.internal.TestMethodWorker.run(TestMethodWorker.java:109)
	at org.testng.TestRunner.privateRun(TestRunner.java:744)
	at org.testng.TestRunner.run(TestRunner.java:602)
	at org.testng.SuiteRunner.runTest(SuiteRunner.java:380)
	at org.testng.SuiteRunner.runSequentially(SuiteRunner.java:375)
	at org.testng.SuiteRunner.privateRun(SuiteRunner.java:340)
	at org.testng.SuiteRunner.run(SuiteRunner.java:289)
	at org.testng.SuiteRunnerWorker.runSuite(SuiteRunnerWorker.java:52)
	at org.testng.SuiteRunnerWorker.run(SuiteRunnerWorker.java:86)
	at org.testng.TestNG.runSuitesSequentially(TestNG.java:1301)
	at org.testng.TestNG.runSuitesLocally(TestNG.java:1226)
	at org.testng.TestNG.runSuites(TestNG.java:1144)
	at org.testng.TestNG.run(TestNG.java:1115)
	at org.testng.remote.AbstractRemoteTestNG.run(AbstractRemoteTestNG.java:132)
	at org.testng.remote.RemoteTestNG.initAndRun(RemoteTestNG.java:230)
	at org.testng.remote.RemoteTestNG.main(RemoteTestNG.java:76)
</pre></div></td>
<td>0</td>
<td>tests.task0109.Tst0901GenerateArrayAndJoin@5ae9a829</td></tr>
<tr>
<td title='tests.task0109.Tst0901GenerateArrayAndJoin.catchingIllegalArgExceptionNegativeInsertPosition()'><b>catchingIllegalArgExceptionNegativeInsertPosition</b><br>Test class: tests.task0109.Tst0901GenerateArrayAndJoin<br>Parameters: [I@1d8d30f7, [I@3e57cd70, -1</td>
<td><div><pre>java.lang.IllegalArgumentException: k can not be a negative number
	at tests.task0109.Tst0901GenerateArrayAndJoin.catchingIllegalArgExceptionNegativeInsertPosition(Tst0901GenerateArrayAndJoin.java:47)
... Removed 25 stack frames</pre></div><a href='#' onClick='toggleBox("stack-trace1208736537", this, "Click to show all stack frames", "Click to hide stack frames")'>Click to show all stack frames</a>
<div class='stack-trace' id='stack-trace1208736537'><pre>java.lang.IllegalArgumentException: k can not be a negative number
	at tests.task0109.Tst0901GenerateArrayAndJoin.catchingIllegalArgExceptionNegativeInsertPosition(Tst0901GenerateArrayAndJoin.java:47)
	at sun.reflect.NativeMethodAccessorImpl.invoke0(Native Method)
	at sun.reflect.NativeMethodAccessorImpl.invoke(NativeMethodAccessorImpl.java:62)
	at sun.reflect.DelegatingMethodAccessorImpl.invoke(DelegatingMethodAccessorImpl.java:43)
	at java.lang.reflect.Method.invoke(Method.java:498)
	at org.testng.internal.MethodInvocationHelper.invokeMethod(MethodInvocationHelper.java:108)
	at org.testng.internal.Invoker.invokeMethod(Invoker.java:661)
	at org.testng.internal.Invoker.invokeTestMethod(Invoker.java:869)
	at org.testng.internal.Invoker.invokeTestMethods(Invoker.java:1193)
	at org.testng.internal.TestMethodWorker.invokeTestMethods(TestMethodWorker.java:126)
	at org.testng.internal.TestMethodWorker.run(TestMethodWorker.java:109)
	at org.testng.TestRunner.privateRun(TestRunner.java:744)
	at org.testng.TestRunner.run(TestRunner.java:602)
	at org.testng.SuiteRunner.runTest(SuiteRunner.java:380)
	at org.testng.SuiteRunner.runSequentially(SuiteRunner.java:375)
	at org.testng.SuiteRunner.privateRun(SuiteRunner.java:340)
	at org.testng.SuiteRunner.run(SuiteRunner.java:289)
	at org.testng.SuiteRunnerWorker.runSuite(SuiteRunnerWorker.java:52)
	at org.testng.SuiteRunnerWorker.run(SuiteRunnerWorker.java:86)
	at org.testng.TestNG.runSuitesSequentially(TestNG.java:1301)
	at org.testng.TestNG.runSuitesLocally(TestNG.java:1226)
	at org.testng.TestNG.runSuites(TestNG.java:1144)
	at org.testng.TestNG.run(TestNG.java:1115)
	at org.testng.remote.AbstractRemoteTestNG.run(AbstractRemoteTestNG.java:132)
	at org.testng.remote.RemoteTestNG.initAndRun(RemoteTestNG.java:230)
	at org.testng.remote.RemoteTestNG.main(RemoteTestNG.java:76)
</pre></div></td>
<td>0</td>
<td>tests.task0109.Tst0901GenerateArrayAndJoin@5ae9a829</td></tr>
<tr>
<td title='tests.task0110.Tst1001Generate.catchingIllegalArgExceptionNegativeValue()'><b>catchingIllegalArgExceptionNegativeValue</b><br>Test class: tests.task0110.Tst1001Generate<br>Parameters: -1</td>
<td><div><pre>java.lang.IllegalArgumentException: Size can not be a negative number
	at tests.task0110.Tst1001Generate.catchingIllegalArgExceptionNegativeValue(Tst1001Generate.java:21)
... Removed 25 stack frames</pre></div><a href='#' onClick='toggleBox("stack-trace2048425748", this, "Click to show all stack frames", "Click to hide stack frames")'>Click to show all stack frames</a>
<div class='stack-trace' id='stack-trace2048425748'><pre>java.lang.IllegalArgumentException: Size can not be a negative number
	at tests.task0110.Tst1001Generate.catchingIllegalArgExceptionNegativeValue(Tst1001Generate.java:21)
	at sun.reflect.NativeMethodAccessorImpl.invoke0(Native Method)
	at sun.reflect.NativeMethodAccessorImpl.invoke(NativeMethodAccessorImpl.java:62)
	at sun.reflect.DelegatingMethodAccessorImpl.invoke(DelegatingMethodAccessorImpl.java:43)
	at java.lang.reflect.Method.invoke(Method.java:498)
	at org.testng.internal.MethodInvocationHelper.invokeMethod(MethodInvocationHelper.java:108)
	at org.testng.internal.Invoker.invokeMethod(Invoker.java:661)
	at org.testng.internal.Invoker.invokeTestMethod(Invoker.java:869)
	at org.testng.internal.Invoker.invokeTestMethods(Invoker.java:1193)
	at org.testng.internal.TestMethodWorker.invokeTestMethods(TestMethodWorker.java:126)
	at org.testng.internal.TestMethodWorker.run(TestMethodWorker.java:109)
	at org.testng.TestRunner.privateRun(TestRunner.java:744)
	at org.testng.TestRunner.run(TestRunner.java:602)
	at org.testng.SuiteRunner.runTest(SuiteRunner.java:380)
	at org.testng.SuiteRunner.runSequentially(SuiteRunner.java:375)
	at org.testng.SuiteRunner.privateRun(SuiteRunner.java:340)
	at org.testng.SuiteRunner.run(SuiteRunner.java:289)
	at org.testng.SuiteRunnerWorker.runSuite(SuiteRunnerWorker.java:52)
	at org.testng.SuiteRunnerWorker.run(SuiteRunnerWorker.java:86)
	at org.testng.TestNG.runSuitesSequentially(TestNG.java:1301)
	at org.testng.TestNG.runSuitesLocally(TestNG.java:1226)
	at org.testng.TestNG.runSuites(TestNG.java:1144)
	at org.testng.TestNG.run(TestNG.java:1115)
	at org.testng.remote.AbstractRemoteTestNG.run(AbstractRemoteTestNG.java:132)
	at org.testng.remote.RemoteTestNG.initAndRun(RemoteTestNG.java:230)
	at org.testng.remote.RemoteTestNG.main(RemoteTestNG.java:76)
</pre></div></td>
<td>0</td>
<td>tests.task0110.Tst1001Generate@6d8a00e3</td></tr>
<tr>
<td title='tests.task0101.Tst0101Statement.checkIllegalArgExpLargerMAXValue()'><b>checkIllegalArgExpLargerMAXValue</b><br>Test class: tests.task0101.Tst0101Statement<br>Parameters: 10000</td>
<td><div><pre>java.lang.IllegalArgumentException: Argument must be a 4-digit pisitive number.
	at tests.task0101.Tst0101Statement.checkIllegalArgExpLargerMAXValue(Tst0101Statement.java:20)
... Removed 25 stack frames</pre></div><a href='#' onClick='toggleBox("stack-trace1690254271", this, "Click to show all stack frames", "Click to hide stack frames")'>Click to show all stack frames</a>
<div class='stack-trace' id='stack-trace1690254271'><pre>java.lang.IllegalArgumentException: Argument must be a 4-digit pisitive number.
	at tests.task0101.Tst0101Statement.checkIllegalArgExpLargerMAXValue(Tst0101Statement.java:20)
	at sun.reflect.NativeMethodAccessorImpl.invoke0(Native Method)
	at sun.reflect.NativeMethodAccessorImpl.invoke(NativeMethodAccessorImpl.java:62)
	at sun.reflect.DelegatingMethodAccessorImpl.invoke(DelegatingMethodAccessorImpl.java:43)
	at java.lang.reflect.Method.invoke(Method.java:498)
	at org.testng.internal.MethodInvocationHelper.invokeMethod(MethodInvocationHelper.java:108)
	at org.testng.internal.Invoker.invokeMethod(Invoker.java:661)
	at org.testng.internal.Invoker.invokeTestMethod(Invoker.java:869)
	at org.testng.internal.Invoker.invokeTestMethods(Invoker.java:1193)
	at org.testng.internal.TestMethodWorker.invokeTestMethods(TestMethodWorker.java:126)
	at org.testng.internal.TestMethodWorker.run(TestMethodWorker.java:109)
	at org.testng.TestRunner.privateRun(TestRunner.java:744)
	at org.testng.TestRunner.run(TestRunner.java:602)
	at org.testng.SuiteRunner.runTest(SuiteRunner.java:380)
	at org.testng.SuiteRunner.runSequentially(SuiteRunner.java:375)
	at org.testng.SuiteRunner.privateRun(SuiteRunner.java:340)
	at org.testng.SuiteRunner.run(SuiteRunner.java:289)
	at org.testng.SuiteRunnerWorker.runSuite(SuiteRunnerWorker.java:52)
	at org.testng.SuiteRunnerWorker.run(SuiteRunnerWorker.java:86)
	at org.testng.TestNG.runSuitesSequentially(TestNG.java:1301)
	at org.testng.TestNG.runSuitesLocally(TestNG.java:1226)
	at org.testng.TestNG.runSuites(TestNG.java:1144)
	at org.testng.TestNG.run(TestNG.java:1115)
	at org.testng.remote.AbstractRemoteTestNG.run(AbstractRemoteTestNG.java:132)
	at org.testng.remote.RemoteTestNG.initAndRun(RemoteTestNG.java:230)
	at org.testng.remote.RemoteTestNG.main(RemoteTestNG.java:76)
</pre></div></td>
<td>0</td>
<td>tests.task0101.Tst0101Statement@174d20a</td></tr>
<tr>
<td title='tests.task0101.Tst0101Statement.checkIllegalArgExpLargerMAXValue()'><b>checkIllegalArgExpLargerMAXValue</b><br>Test class: tests.task0101.Tst0101Statement<br>Parameters: 2147483647</td>
<td><div><pre>java.lang.IllegalArgumentException: Argument must be a 4-digit pisitive number.
	at tests.task0101.Tst0101Statement.checkIllegalArgExpLargerMAXValue(Tst0101Statement.java:20)
... Removed 25 stack frames</pre></div><a href='#' onClick='toggleBox("stack-trace343965883", this, "Click to show all stack frames", "Click to hide stack frames")'>Click to show all stack frames</a>
<div class='stack-trace' id='stack-trace343965883'><pre>java.lang.IllegalArgumentException: Argument must be a 4-digit pisitive number.
	at tests.task0101.Tst0101Statement.checkIllegalArgExpLargerMAXValue(Tst0101Statement.java:20)
	at sun.reflect.NativeMethodAccessorImpl.invoke0(Native Method)
	at sun.reflect.NativeMethodAccessorImpl.invoke(NativeMethodAccessorImpl.java:62)
	at sun.reflect.DelegatingMethodAccessorImpl.invoke(DelegatingMethodAccessorImpl.java:43)
	at java.lang.reflect.Method.invoke(Method.java:498)
	at org.testng.internal.MethodInvocationHelper.invokeMethod(MethodInvocationHelper.java:108)
	at org.testng.internal.Invoker.invokeMethod(Invoker.java:661)
	at org.testng.internal.Invoker.invokeTestMethod(Invoker.java:869)
	at org.testng.internal.Invoker.invokeTestMethods(Invoker.java:1193)
	at org.testng.internal.TestMethodWorker.invokeTestMethods(TestMethodWorker.java:126)
	at org.testng.internal.TestMethodWorker.run(TestMethodWorker.java:109)
	at org.testng.TestRunner.privateRun(TestRunner.java:744)
	at org.testng.TestRunner.run(TestRunner.java:602)
	at org.testng.SuiteRunner.runTest(SuiteRunner.java:380)
	at org.testng.SuiteRunner.runSequentially(SuiteRunner.java:375)
	at org.testng.SuiteRunner.privateRun(SuiteRunner.java:340)
	at org.testng.SuiteRunner.run(SuiteRunner.java:289)
	at org.testng.SuiteRunnerWorker.runSuite(SuiteRunnerWorker.java:52)
	at org.testng.SuiteRunnerWorker.run(SuiteRunnerWorker.java:86)
	at org.testng.TestNG.runSuitesSequentially(TestNG.java:1301)
	at org.testng.TestNG.runSuitesLocally(TestNG.java:1226)
	at org.testng.TestNG.runSuites(TestNG.java:1144)
	at org.testng.TestNG.run(TestNG.java:1115)
	at org.testng.remote.AbstractRemoteTestNG.run(AbstractRemoteTestNG.java:132)
	at org.testng.remote.RemoteTestNG.initAndRun(RemoteTestNG.java:230)
	at org.testng.remote.RemoteTestNG.main(RemoteTestNG.java:76)
</pre></div></td>
<td>0</td>
<td>tests.task0101.Tst0101Statement@174d20a</td></tr>
<tr>
<td title='tests.task0101.Tst0101Statement.checkIllegalArgExpLessMINValue()'><b>checkIllegalArgExpLessMINValue</b><br>Test class: tests.task0101.Tst0101Statement<br>Parameters: 999</td>
<td><div><pre>java.lang.IllegalArgumentException: Argument must be a 4-digit pisitive number.
	at tests.task0101.Tst0101Statement.checkIllegalArgExpLessMINValue(Tst0101Statement.java:29)
... Removed 25 stack frames</pre></div><a href='#' onClick='toggleBox("stack-trace280884709", this, "Click to show all stack frames", "Click to hide stack frames")'>Click to show all stack frames</a>
<div class='stack-trace' id='stack-trace280884709'><pre>java.lang.IllegalArgumentException: Argument must be a 4-digit pisitive number.
	at tests.task0101.Tst0101Statement.checkIllegalArgExpLessMINValue(Tst0101Statement.java:29)
	at sun.reflect.NativeMethodAccessorImpl.invoke0(Native Method)
	at sun.reflect.NativeMethodAccessorImpl.invoke(NativeMethodAccessorImpl.java:62)
	at sun.reflect.DelegatingMethodAccessorImpl.invoke(DelegatingMethodAccessorImpl.java:43)
	at java.lang.reflect.Method.invoke(Method.java:498)
	at org.testng.internal.MethodInvocationHelper.invokeMethod(MethodInvocationHelper.java:108)
	at org.testng.internal.Invoker.invokeMethod(Invoker.java:661)
	at org.testng.internal.Invoker.invokeTestMethod(Invoker.java:869)
	at org.testng.internal.Invoker.invokeTestMethods(Invoker.java:1193)
	at org.testng.internal.TestMethodWorker.invokeTestMethods(TestMethodWorker.java:126)
	at org.testng.internal.TestMethodWorker.run(TestMethodWorker.java:109)
	at org.testng.TestRunner.privateRun(TestRunner.java:744)
	at org.testng.TestRunner.run(TestRunner.java:602)
	at org.testng.SuiteRunner.runTest(SuiteRunner.java:380)
	at org.testng.SuiteRunner.runSequentially(SuiteRunner.java:375)
	at org.testng.SuiteRunner.privateRun(SuiteRunner.java:340)
	at org.testng.SuiteRunner.run(SuiteRunner.java:289)
	at org.testng.SuiteRunnerWorker.runSuite(SuiteRunnerWorker.java:52)
	at org.testng.SuiteRunnerWorker.run(SuiteRunnerWorker.java:86)
	at org.testng.TestNG.runSuitesSequentially(TestNG.java:1301)
	at org.testng.TestNG.runSuitesLocally(TestNG.java:1226)
	at org.testng.TestNG.runSuites(TestNG.java:1144)
	at org.testng.TestNG.run(TestNG.java:1115)
	at org.testng.remote.AbstractRemoteTestNG.run(AbstractRemoteTestNG.java:132)
	at org.testng.remote.RemoteTestNG.initAndRun(RemoteTestNG.java:230)
	at org.testng.remote.RemoteTestNG.main(RemoteTestNG.java:76)
</pre></div></td>
<td>0</td>
<td>tests.task0101.Tst0101Statement@174d20a</td></tr>
<tr>
<td title='tests.task0101.Tst0101Statement.checkIllegalArgExpLessMINValue()'><b>checkIllegalArgExpLessMINValue</b><br>Test class: tests.task0101.Tst0101Statement<br>Parameters: -2147483648</td>
<td><div><pre>java.lang.IllegalArgumentException: Argument must be a 4-digit pisitive number.
	at tests.task0101.Tst0101Statement.checkIllegalArgExpLessMINValue(Tst0101Statement.java:29)
... Removed 25 stack frames</pre></div><a href='#' onClick='toggleBox("stack-trace2114650936", this, "Click to show all stack frames", "Click to hide stack frames")'>Click to show all stack frames</a>
<div class='stack-trace' id='stack-trace2114650936'><pre>java.lang.IllegalArgumentException: Argument must be a 4-digit pisitive number.
	at tests.task0101.Tst0101Statement.checkIllegalArgExpLessMINValue(Tst0101Statement.java:29)
	at sun.reflect.NativeMethodAccessorImpl.invoke0(Native Method)
	at sun.reflect.NativeMethodAccessorImpl.invoke(NativeMethodAccessorImpl.java:62)
	at sun.reflect.DelegatingMethodAccessorImpl.invoke(DelegatingMethodAccessorImpl.java:43)
	at java.lang.reflect.Method.invoke(Method.java:498)
	at org.testng.internal.MethodInvocationHelper.invokeMethod(MethodInvocationHelper.java:108)
	at org.testng.internal.Invoker.invokeMethod(Invoker.java:661)
	at org.testng.internal.Invoker.invokeTestMethod(Invoker.java:869)
	at org.testng.internal.Invoker.invokeTestMethods(Invoker.java:1193)
	at org.testng.internal.TestMethodWorker.invokeTestMethods(TestMethodWorker.java:126)
	at org.testng.internal.TestMethodWorker.run(TestMethodWorker.java:109)
	at org.testng.TestRunner.privateRun(TestRunner.java:744)
	at org.testng.TestRunner.run(TestRunner.java:602)
	at org.testng.SuiteRunner.runTest(SuiteRunner.java:380)
	at org.testng.SuiteRunner.runSequentially(SuiteRunner.java:375)
	at org.testng.SuiteRunner.privateRun(SuiteRunner.java:340)
	at org.testng.SuiteRunner.run(SuiteRunner.java:289)
	at org.testng.SuiteRunnerWorker.runSuite(SuiteRunnerWorker.java:52)
	at org.testng.SuiteRunnerWorker.run(SuiteRunnerWorker.java:86)
	at org.testng.TestNG.runSuitesSequentially(TestNG.java:1301)
	at org.testng.TestNG.runSuitesLocally(TestNG.java:1226)
	at org.testng.TestNG.runSuites(TestNG.java:1144)
	at org.testng.TestNG.run(TestNG.java:1115)
	at org.testng.remote.AbstractRemoteTestNG.run(AbstractRemoteTestNG.java:132)
	at org.testng.remote.RemoteTestNG.initAndRun(RemoteTestNG.java:230)
	at org.testng.remote.RemoteTestNG.main(RemoteTestNG.java:76)
</pre></div></td>
<td>0</td>
<td>tests.task0101.Tst0101Statement@174d20a</td></tr>
<tr>
<td title='tests.task0109.Tst0901GenerateArrayAndJoin.checkJoinTwoArrays()'><b>checkJoinTwoArrays</b><br>Test class: tests.task0109.Tst0901GenerateArrayAndJoin<br>Parameters: [I@9a7504c, [I@2c039ac6, 2, [I@587d1d39</td>
<td></td>
<td>0</td>
<td>tests.task0109.Tst0901GenerateArrayAndJoin@5ae9a829</td></tr>
<tr>
<td title='tests.task0109.Tst0901GenerateArrayAndJoin.checkJoinTwoArrays()'><b>checkJoinTwoArrays</b><br>Test class: tests.task0109.Tst0901GenerateArrayAndJoin<br>Parameters: [I@58c1670b, [I@6b57696f, 3, [I@5bb21b69</td>
<td></td>
<td>0</td>
<td>tests.task0109.Tst0901GenerateArrayAndJoin@5ae9a829</td></tr>
<tr>
<td title='tests.task0109.Tst0901GenerateArrayAndJoin.checkJoinTwoArrays()'><b>checkJoinTwoArrays</b><br>Test class: tests.task0109.Tst0901GenerateArrayAndJoin<br>Parameters: [I@6b9651f3, [I@38bc8ab5, 1, [I@687080dc</td>
<td></td>
<td>0</td>
<td>tests.task0109.Tst0901GenerateArrayAndJoin@5ae9a829</td></tr>
<tr>
<td title='tests.task0109.Tst0901GenerateArrayAndJoin.checkJoinTwoArrays()'><b>checkJoinTwoArrays</b><br>Test class: tests.task0109.Tst0901GenerateArrayAndJoin<br>Parameters: [I@23d2a7e8, [I@7a9273a8, 0, [I@26a7b76d</td>
<td></td>
<td>0</td>
<td>tests.task0109.Tst0901GenerateArrayAndJoin@5ae9a829</td></tr>
<tr>
<td title='tests.task0109.Tst0901GenerateArrayAndJoin.checkLengthArrayPos()'><b>checkLengthArrayPos</b><br>Test class: tests.task0109.Tst0901GenerateArrayAndJoin<br>Parameters: 5, 5</td>
<td></td>
<td>0</td>
<td>tests.task0109.Tst0901GenerateArrayAndJoin@5ae9a829</td></tr>
<tr>
<td title='tests.task0109.Tst0901GenerateArrayAndJoin.checkLengthArrayPos()'><b>checkLengthArrayPos</b><br>Test class: tests.task0109.Tst0901GenerateArrayAndJoin<br>Parameters: 0, 0</td>
<td></td>
<td>0</td>
<td>tests.task0109.Tst0901GenerateArrayAndJoin@5ae9a829</td></tr>
<tr>
<td title='tests.task0101.Tst0101Statement.checkMethIsStatementCorrectValidValuesFalse()'><b>checkMethIsStatementCorrectValidValuesFalse</b><br>Test class: tests.task0101.Tst0101Statement<br>Parameters: 1101</td>
<td></td>
<td>0</td>
<td>tests.task0101.Tst0101Statement@174d20a</td></tr>
<tr>
<td title='tests.task0101.Tst0101Statement.checkMethIsStatementCorrectValidValuesFalse()'><b>checkMethIsStatementCorrectValidValuesFalse</b><br>Test class: tests.task0101.Tst0101Statement<br>Parameters: 1342</td>
<td></td>
<td>0</td>
<td>tests.task0101.Tst0101Statement@174d20a</td></tr>
<tr>
<td title='tests.task0101.Tst0101Statement.checkMethIsStatementCorrectValidValuesFalse()'><b>checkMethIsStatementCorrectValidValuesFalse</b><br>Test class: tests.task0101.Tst0101Statement<br>Parameters: 8991</td>
<td></td>
<td>0</td>
<td>tests.task0101.Tst0101Statement@174d20a</td></tr>
<tr>
<td title='tests.task0101.Tst0101Statement.checkMethIsStatementCorrectValidValuesTrue()'><b>checkMethIsStatementCorrectValidValuesTrue</b><br>Test class: tests.task0101.Tst0101Statement<br>Parameters: 1111</td>
<td></td>
<td>0</td>
<td>tests.task0101.Tst0101Statement@174d20a</td></tr>
<tr>
<td title='tests.task0101.Tst0101Statement.checkMethIsStatementCorrectValidValuesTrue()'><b>checkMethIsStatementCorrectValidValuesTrue</b><br>Test class: tests.task0101.Tst0101Statement<br>Parameters: 1322</td>
<td></td>
<td>0</td>
<td>tests.task0101.Tst0101Statement@174d20a</td></tr>
<tr>
<td title='tests.task0101.Tst0101Statement.checkMethIsStatementCorrectValidValuesTrue()'><b>checkMethIsStatementCorrectValidValuesTrue</b><br>Test class: tests.task0101.Tst0101Statement<br>Parameters: 7254</td>
<td></td>
<td>0</td>
<td>tests.task0101.Tst0101Statement@174d20a</td></tr>
<tr>
<td title='tests.task0101.Tst0101Statement.checkNOillegalArgExpValidValues()'><b>checkNOillegalArgExpValidValues</b><br>Test class: tests.task0101.Tst0101Statement<br>Parameters: 1000</td>
<td></td>
<td>0</td>
<td>tests.task0101.Tst0101Statement@174d20a</td></tr>
<tr>
<td title='tests.task0101.Tst0101Statement.checkNOillegalArgExpValidValues()'><b>checkNOillegalArgExpValidValues</b><br>Test class: tests.task0101.Tst0101Statement<br>Parameters: 9999</td>
<td></td>
<td>0</td>
<td>tests.task0101.Tst0101Statement@174d20a</td></tr>
<tr>
<td title='tests.task0101.Tst0101Statement.checkNOillegalArgExpValidValues()'><b>checkNOillegalArgExpValidValues</b><br>Test class: tests.task0101.Tst0101Statement<br>Parameters: 5555</td>
<td></td>
<td>0</td>
<td>tests.task0101.Tst0101Statement@174d20a</td></tr>
<tr>
<td title='tests.task0102.Tst0201ExpressionResolve.checkResolveCatchArithmeticExpIncorrectValues()'><b>checkResolveCatchArithmeticExpIncorrectValues</b><br>Test class: tests.task0102.Tst0201ExpressionResolve<br>Parameters: -100, 1, 3</td>
<td><div><pre>java.lang.ArithmeticException: Discriminant must be greater than 0.
	at tests.task0102.Tst0201ExpressionResolve.checkResolveCatchArithmeticExpIncorrectValues(Tst0201ExpressionResolve.java:41)
... Removed 25 stack frames</pre></div><a href='#' onClick='toggleBox("stack-trace1401132667", this, "Click to show all stack frames", "Click to hide stack frames")'>Click to show all stack frames</a>
<div class='stack-trace' id='stack-trace1401132667'><pre>java.lang.ArithmeticException: Discriminant must be greater than 0.
	at tests.task0102.Tst0201ExpressionResolve.checkResolveCatchArithmeticExpIncorrectValues(Tst0201ExpressionResolve.java:41)
	at sun.reflect.NativeMethodAccessorImpl.invoke0(Native Method)
	at sun.reflect.NativeMethodAccessorImpl.invoke(NativeMethodAccessorImpl.java:62)
	at sun.reflect.DelegatingMethodAccessorImpl.invoke(DelegatingMethodAccessorImpl.java:43)
	at java.lang.reflect.Method.invoke(Method.java:498)
	at org.testng.internal.MethodInvocationHelper.invokeMethod(MethodInvocationHelper.java:108)
	at org.testng.internal.Invoker.invokeMethod(Invoker.java:661)
	at org.testng.internal.Invoker.invokeTestMethod(Invoker.java:869)
	at org.testng.internal.Invoker.invokeTestMethods(Invoker.java:1193)
	at org.testng.internal.TestMethodWorker.invokeTestMethods(TestMethodWorker.java:126)
	at org.testng.internal.TestMethodWorker.run(TestMethodWorker.java:109)
	at org.testng.TestRunner.privateRun(TestRunner.java:744)
	at org.testng.TestRunner.run(TestRunner.java:602)
	at org.testng.SuiteRunner.runTest(SuiteRunner.java:380)
	at org.testng.SuiteRunner.runSequentially(SuiteRunner.java:375)
	at org.testng.SuiteRunner.privateRun(SuiteRunner.java:340)
	at org.testng.SuiteRunner.run(SuiteRunner.java:289)
	at org.testng.SuiteRunnerWorker.runSuite(SuiteRunnerWorker.java:52)
	at org.testng.SuiteRunnerWorker.run(SuiteRunnerWorker.java:86)
	at org.testng.TestNG.runSuitesSequentially(TestNG.java:1301)
	at org.testng.TestNG.runSuitesLocally(TestNG.java:1226)
	at org.testng.TestNG.runSuites(TestNG.java:1144)
	at org.testng.TestNG.run(TestNG.java:1115)
	at org.testng.remote.AbstractRemoteTestNG.run(AbstractRemoteTestNG.java:132)
	at org.testng.remote.RemoteTestNG.initAndRun(RemoteTestNG.java:230)
	at org.testng.remote.RemoteTestNG.main(RemoteTestNG.java:76)
</pre></div></td>
<td>0</td>
<td>tests.task0102.Tst0201ExpressionResolve@6a2bcfcb</td></tr>
<tr>
<td title='tests.task0102.Tst0201ExpressionResolve.checkResolveCatchArithmeticExpIncorrectValues()'><b>checkResolveCatchArithmeticExpIncorrectValues</b><br>Test class: tests.task0102.Tst0201ExpressionResolve<br>Parameters: 1, 1, -3</td>
<td><div><pre>java.lang.ArithmeticException: Discriminant must be greater than 0.
	at tests.task0102.Tst0201ExpressionResolve.checkResolveCatchArithmeticExpIncorrectValues(Tst0201ExpressionResolve.java:41)
... Removed 25 stack frames</pre></div><a href='#' onClick='toggleBox("stack-trace1900164709", this, "Click to show all stack frames", "Click to hide stack frames")'>Click to show all stack frames</a>
<div class='stack-trace' id='stack-trace1900164709'><pre>java.lang.ArithmeticException: Discriminant must be greater than 0.
	at tests.task0102.Tst0201ExpressionResolve.checkResolveCatchArithmeticExpIncorrectValues(Tst0201ExpressionResolve.java:41)
	at sun.reflect.NativeMethodAccessorImpl.invoke0(Native Method)
	at sun.reflect.NativeMethodAccessorImpl.invoke(NativeMethodAccessorImpl.java:62)
	at sun.reflect.DelegatingMethodAccessorImpl.invoke(DelegatingMethodAccessorImpl.java:43)
	at java.lang.reflect.Method.invoke(Method.java:498)
	at org.testng.internal.MethodInvocationHelper.invokeMethod(MethodInvocationHelper.java:108)
	at org.testng.internal.Invoker.invokeMethod(Invoker.java:661)
	at org.testng.internal.Invoker.invokeTestMethod(Invoker.java:869)
	at org.testng.internal.Invoker.invokeTestMethods(Invoker.java:1193)
	at org.testng.internal.TestMethodWorker.invokeTestMethods(TestMethodWorker.java:126)
	at org.testng.internal.TestMethodWorker.run(TestMethodWorker.java:109)
	at org.testng.TestRunner.privateRun(TestRunner.java:744)
	at org.testng.TestRunner.run(TestRunner.java:602)
	at org.testng.SuiteRunner.runTest(SuiteRunner.java:380)
	at org.testng.SuiteRunner.runSequentially(SuiteRunner.java:375)
	at org.testng.SuiteRunner.privateRun(SuiteRunner.java:340)
	at org.testng.SuiteRunner.run(SuiteRunner.java:289)
	at org.testng.SuiteRunnerWorker.runSuite(SuiteRunnerWorker.java:52)
	at org.testng.SuiteRunnerWorker.run(SuiteRunnerWorker.java:86)
	at org.testng.TestNG.runSuitesSequentially(TestNG.java:1301)
	at org.testng.TestNG.runSuitesLocally(TestNG.java:1226)
	at org.testng.TestNG.runSuites(TestNG.java:1144)
	at org.testng.TestNG.run(TestNG.java:1115)
	at org.testng.remote.AbstractRemoteTestNG.run(AbstractRemoteTestNG.java:132)
	at org.testng.remote.RemoteTestNG.initAndRun(RemoteTestNG.java:230)
	at org.testng.remote.RemoteTestNG.main(RemoteTestNG.java:76)
</pre></div></td>
<td>0</td>
<td>tests.task0102.Tst0201ExpressionResolve@6a2bcfcb</td></tr>
<tr>
<td title='tests.task0102.Tst0201ExpressionResolve.checkResolveCatchArithmeticExpIncorrectValues()'><b>checkResolveCatchArithmeticExpIncorrectValues</b><br>Test class: tests.task0102.Tst0201ExpressionResolve<br>Parameters: -1, -1, 7</td>
<td><div><pre>java.lang.ArithmeticException: Discriminant must be greater than 0.
	at tests.task0102.Tst0201ExpressionResolve.checkResolveCatchArithmeticExpIncorrectValues(Tst0201ExpressionResolve.java:41)
... Removed 25 stack frames</pre></div><a href='#' onClick='toggleBox("stack-trace1875308878", this, "Click to show all stack frames", "Click to hide stack frames")'>Click to show all stack frames</a>
<div class='stack-trace' id='stack-trace1875308878'><pre>java.lang.ArithmeticException: Discriminant must be greater than 0.
	at tests.task0102.Tst0201ExpressionResolve.checkResolveCatchArithmeticExpIncorrectValues(Tst0201ExpressionResolve.java:41)
	at sun.reflect.NativeMethodAccessorImpl.invoke0(Native Method)
	at sun.reflect.NativeMethodAccessorImpl.invoke(NativeMethodAccessorImpl.java:62)
	at sun.reflect.DelegatingMethodAccessorImpl.invoke(DelegatingMethodAccessorImpl.java:43)
	at java.lang.reflect.Method.invoke(Method.java:498)
	at org.testng.internal.MethodInvocationHelper.invokeMethod(MethodInvocationHelper.java:108)
	at org.testng.internal.Invoker.invokeMethod(Invoker.java:661)
	at org.testng.internal.Invoker.invokeTestMethod(Invoker.java:869)
	at org.testng.internal.Invoker.invokeTestMethods(Invoker.java:1193)
	at org.testng.internal.TestMethodWorker.invokeTestMethods(TestMethodWorker.java:126)
	at org.testng.internal.TestMethodWorker.run(TestMethodWorker.java:109)
	at org.testng.TestRunner.privateRun(TestRunner.java:744)
	at org.testng.TestRunner.run(TestRunner.java:602)
	at org.testng.SuiteRunner.runTest(SuiteRunner.java:380)
	at org.testng.SuiteRunner.runSequentially(SuiteRunner.java:375)
	at org.testng.SuiteRunner.privateRun(SuiteRunner.java:340)
	at org.testng.SuiteRunner.run(SuiteRunner.java:289)
	at org.testng.SuiteRunnerWorker.runSuite(SuiteRunnerWorker.java:52)
	at org.testng.SuiteRunnerWorker.run(SuiteRunnerWorker.java:86)
	at org.testng.TestNG.runSuitesSequentially(TestNG.java:1301)
	at org.testng.TestNG.runSuitesLocally(TestNG.java:1226)
	at org.testng.TestNG.runSuites(TestNG.java:1144)
	at org.testng.TestNG.run(TestNG.java:1115)
	at org.testng.remote.AbstractRemoteTestNG.run(AbstractRemoteTestNG.java:132)
	at org.testng.remote.RemoteTestNG.initAndRun(RemoteTestNG.java:230)
	at org.testng.remote.RemoteTestNG.main(RemoteTestNG.java:76)
</pre></div></td>
<td>0</td>
<td>tests.task0102.Tst0201ExpressionResolve@6a2bcfcb</td></tr>
<tr>
<td title='tests.task0102.Tst0201ExpressionResolve.checkResolveCatchIllegalArgExpIncorrectValues()'><b>checkResolveCatchIllegalArgExpIncorrectValues</b><br>Test class: tests.task0102.Tst0201ExpressionResolve<br>Parameters: 1, 0, 3</td>
<td><div><pre>java.lang.IllegalArgumentException: Parameters &apos;a&apos; and &apos;b&apos; must be not 0.
	at tests.task0102.Tst0201ExpressionResolve.checkResolveCatchIllegalArgExpIncorrectValues(Tst0201ExpressionResolve.java:20)
... Removed 25 stack frames</pre></div><a href='#' onClick='toggleBox("stack-trace36202360", this, "Click to show all stack frames", "Click to hide stack frames")'>Click to show all stack frames</a>
<div class='stack-trace' id='stack-trace36202360'><pre>java.lang.IllegalArgumentException: Parameters &apos;a&apos; and &apos;b&apos; must be not 0.
	at tests.task0102.Tst0201ExpressionResolve.checkResolveCatchIllegalArgExpIncorrectValues(Tst0201ExpressionResolve.java:20)
	at sun.reflect.NativeMethodAccessorImpl.invoke0(Native Method)
	at sun.reflect.NativeMethodAccessorImpl.invoke(NativeMethodAccessorImpl.java:62)
	at sun.reflect.DelegatingMethodAccessorImpl.invoke(DelegatingMethodAccessorImpl.java:43)
	at java.lang.reflect.Method.invoke(Method.java:498)
	at org.testng.internal.MethodInvocationHelper.invokeMethod(MethodInvocationHelper.java:108)
	at org.testng.internal.Invoker.invokeMethod(Invoker.java:661)
	at org.testng.internal.Invoker.invokeTestMethod(Invoker.java:869)
	at org.testng.internal.Invoker.invokeTestMethods(Invoker.java:1193)
	at org.testng.internal.TestMethodWorker.invokeTestMethods(TestMethodWorker.java:126)
	at org.testng.internal.TestMethodWorker.run(TestMethodWorker.java:109)
	at org.testng.TestRunner.privateRun(TestRunner.java:744)
	at org.testng.TestRunner.run(TestRunner.java:602)
	at org.testng.SuiteRunner.runTest(SuiteRunner.java:380)
	at org.testng.SuiteRunner.runSequentially(SuiteRunner.java:375)
	at org.testng.SuiteRunner.privateRun(SuiteRunner.java:340)
	at org.testng.SuiteRunner.run(SuiteRunner.java:289)
	at org.testng.SuiteRunnerWorker.runSuite(SuiteRunnerWorker.java:52)
	at org.testng.SuiteRunnerWorker.run(SuiteRunnerWorker.java:86)
	at org.testng.TestNG.runSuitesSequentially(TestNG.java:1301)
	at org.testng.TestNG.runSuitesLocally(TestNG.java:1226)
	at org.testng.TestNG.runSuites(TestNG.java:1144)
	at org.testng.TestNG.run(TestNG.java:1115)
	at org.testng.remote.AbstractRemoteTestNG.run(AbstractRemoteTestNG.java:132)
	at org.testng.remote.RemoteTestNG.initAndRun(RemoteTestNG.java:230)
	at org.testng.remote.RemoteTestNG.main(RemoteTestNG.java:76)
</pre></div></td>
<td>0</td>
<td>tests.task0102.Tst0201ExpressionResolve@6a2bcfcb</td></tr>
<tr>
<td title='tests.task0102.Tst0201ExpressionResolve.checkResolveCatchIllegalArgExpIncorrectValues()'><b>checkResolveCatchIllegalArgExpIncorrectValues</b><br>Test class: tests.task0102.Tst0201ExpressionResolve<br>Parameters: 0, -1, -3</td>
<td><div><pre>java.lang.IllegalArgumentException: Parameters &apos;a&apos; and &apos;b&apos; must be not 0.
	at tests.task0102.Tst0201ExpressionResolve.checkResolveCatchIllegalArgExpIncorrectValues(Tst0201ExpressionResolve.java:20)
... Removed 25 stack frames</pre></div><a href='#' onClick='toggleBox("stack-trace1836797772", this, "Click to show all stack frames", "Click to hide stack frames")'>Click to show all stack frames</a>
<div class='stack-trace' id='stack-trace1836797772'><pre>java.lang.IllegalArgumentException: Parameters &apos;a&apos; and &apos;b&apos; must be not 0.
	at tests.task0102.Tst0201ExpressionResolve.checkResolveCatchIllegalArgExpIncorrectValues(Tst0201ExpressionResolve.java:20)
	at sun.reflect.NativeMethodAccessorImpl.invoke0(Native Method)
	at sun.reflect.NativeMethodAccessorImpl.invoke(NativeMethodAccessorImpl.java:62)
	at sun.reflect.DelegatingMethodAccessorImpl.invoke(DelegatingMethodAccessorImpl.java:43)
	at java.lang.reflect.Method.invoke(Method.java:498)
	at org.testng.internal.MethodInvocationHelper.invokeMethod(MethodInvocationHelper.java:108)
	at org.testng.internal.Invoker.invokeMethod(Invoker.java:661)
	at org.testng.internal.Invoker.invokeTestMethod(Invoker.java:869)
	at org.testng.internal.Invoker.invokeTestMethods(Invoker.java:1193)
	at org.testng.internal.TestMethodWorker.invokeTestMethods(TestMethodWorker.java:126)
	at org.testng.internal.TestMethodWorker.run(TestMethodWorker.java:109)
	at org.testng.TestRunner.privateRun(TestRunner.java:744)
	at org.testng.TestRunner.run(TestRunner.java:602)
	at org.testng.SuiteRunner.runTest(SuiteRunner.java:380)
	at org.testng.SuiteRunner.runSequentially(SuiteRunner.java:375)
	at org.testng.SuiteRunner.privateRun(SuiteRunner.java:340)
	at org.testng.SuiteRunner.run(SuiteRunner.java:289)
	at org.testng.SuiteRunnerWorker.runSuite(SuiteRunnerWorker.java:52)
	at org.testng.SuiteRunnerWorker.run(SuiteRunnerWorker.java:86)
	at org.testng.TestNG.runSuitesSequentially(TestNG.java:1301)
	at org.testng.TestNG.runSuitesLocally(TestNG.java:1226)
	at org.testng.TestNG.runSuites(TestNG.java:1144)
	at org.testng.TestNG.run(TestNG.java:1115)
	at org.testng.remote.AbstractRemoteTestNG.run(AbstractRemoteTestNG.java:132)
	at org.testng.remote.RemoteTestNG.initAndRun(RemoteTestNG.java:230)
	at org.testng.remote.RemoteTestNG.main(RemoteTestNG.java:76)
</pre></div></td>
<td>0</td>
<td>tests.task0102.Tst0201ExpressionResolve@6a2bcfcb</td></tr>
<tr>
<td title='tests.task0102.Tst0201ExpressionResolve.checkResolveCatchIllegalArgExpIncorrectValues()'><b>checkResolveCatchIllegalArgExpIncorrectValues</b><br>Test class: tests.task0102.Tst0201ExpressionResolve<br>Parameters: 0, 0, 7</td>
<td><div><pre>java.lang.IllegalArgumentException: Parameters &apos;a&apos; and &apos;b&apos; must be not 0.
	at tests.task0102.Tst0201ExpressionResolve.checkResolveCatchIllegalArgExpIncorrectValues(Tst0201ExpressionResolve.java:20)
... Removed 25 stack frames</pre></div><a href='#' onClick='toggleBox("stack-trace329645619", this, "Click to show all stack frames", "Click to hide stack frames")'>Click to show all stack frames</a>
<div class='stack-trace' id='stack-trace329645619'><pre>java.lang.IllegalArgumentException: Parameters &apos;a&apos; and &apos;b&apos; must be not 0.
	at tests.task0102.Tst0201ExpressionResolve.checkResolveCatchIllegalArgExpIncorrectValues(Tst0201ExpressionResolve.java:20)
	at sun.reflect.NativeMethodAccessorImpl.invoke0(Native Method)
	at sun.reflect.NativeMethodAccessorImpl.invoke(NativeMethodAccessorImpl.java:62)
	at sun.reflect.DelegatingMethodAccessorImpl.invoke(DelegatingMethodAccessorImpl.java:43)
	at java.lang.reflect.Method.invoke(Method.java:498)
	at org.testng.internal.MethodInvocationHelper.invokeMethod(MethodInvocationHelper.java:108)
	at org.testng.internal.Invoker.invokeMethod(Invoker.java:661)
	at org.testng.internal.Invoker.invokeTestMethod(Invoker.java:869)
	at org.testng.internal.Invoker.invokeTestMethods(Invoker.java:1193)
	at org.testng.internal.TestMethodWorker.invokeTestMethods(TestMethodWorker.java:126)
	at org.testng.internal.TestMethodWorker.run(TestMethodWorker.java:109)
	at org.testng.TestRunner.privateRun(TestRunner.java:744)
	at org.testng.TestRunner.run(TestRunner.java:602)
	at org.testng.SuiteRunner.runTest(SuiteRunner.java:380)
	at org.testng.SuiteRunner.runSequentially(SuiteRunner.java:375)
	at org.testng.SuiteRunner.privateRun(SuiteRunner.java:340)
	at org.testng.SuiteRunner.run(SuiteRunner.java:289)
	at org.testng.SuiteRunnerWorker.runSuite(SuiteRunnerWorker.java:52)
	at org.testng.SuiteRunnerWorker.run(SuiteRunnerWorker.java:86)
	at org.testng.TestNG.runSuitesSequentially(TestNG.java:1301)
	at org.testng.TestNG.runSuitesLocally(TestNG.java:1226)
	at org.testng.TestNG.runSuites(TestNG.java:1144)
	at org.testng.TestNG.run(TestNG.java:1115)
	at org.testng.remote.AbstractRemoteTestNG.run(AbstractRemoteTestNG.java:132)
	at org.testng.remote.RemoteTestNG.initAndRun(RemoteTestNG.java:230)
	at org.testng.remote.RemoteTestNG.main(RemoteTestNG.java:76)
</pre></div></td>
<td>0</td>
<td>tests.task0102.Tst0201ExpressionResolve@6a2bcfcb</td></tr>
<tr>
<td title='tests.task0102.Tst0201ExpressionResolve.checkResolveNOCatchArithmeticExpValidValues()'><b>checkResolveNOCatchArithmeticExpValidValues</b><br>Test class: tests.task0102.Tst0201ExpressionResolve<br>Parameters: -1, -2, -33</td>
<td></td>
<td>0</td>
<td>tests.task0102.Tst0201ExpressionResolve@6a2bcfcb</td></tr>
<tr>
<td title='tests.task0102.Tst0201ExpressionResolve.checkResolveNOCatchArithmeticExpValidValues()'><b>checkResolveNOCatchArithmeticExpValidValues</b><br>Test class: tests.task0102.Tst0201ExpressionResolve<br>Parameters: -2, -1, 0</td>
<td></td>
<td>0</td>
<td>tests.task0102.Tst0201ExpressionResolve@6a2bcfcb</td></tr>
<tr>
<td title='tests.task0102.Tst0201ExpressionResolve.checkResolveNOCatchArithmeticExpValidValues()'><b>checkResolveNOCatchArithmeticExpValidValues</b><br>Test class: tests.task0102.Tst0201ExpressionResolve<br>Parameters: 1.7976931348623157E308, 4.9E-324, 0</td>
<td></td>
<td>0</td>
<td>tests.task0102.Tst0201ExpressionResolve@6a2bcfcb</td></tr>
<tr>
<td title='tests.task0102.Tst0201ExpressionResolve.checkResolveNOCatchIllegalArgExpValidValues()'><b>checkResolveNOCatchIllegalArgExpValidValues</b><br>Test class: tests.task0102.Tst0201ExpressionResolve<br>Parameters: 1, 2, 3</td>
<td></td>
<td>0</td>
<td>tests.task0102.Tst0201ExpressionResolve@6a2bcfcb</td></tr>
<tr>
<td title='tests.task0102.Tst0201ExpressionResolve.checkResolveNOCatchIllegalArgExpValidValues()'><b>checkResolveNOCatchIllegalArgExpValidValues</b><br>Test class: tests.task0102.Tst0201ExpressionResolve<br>Parameters: -2, -1, 0</td>
<td></td>
<td>0</td>
<td>tests.task0102.Tst0201ExpressionResolve@6a2bcfcb</td></tr>
<tr>
<td title='tests.task0102.Tst0201ExpressionResolve.checkResolveNOCatchIllegalArgExpValidValues()'><b>checkResolveNOCatchIllegalArgExpValidValues</b><br>Test class: tests.task0102.Tst0201ExpressionResolve<br>Parameters: 1.7976931348623157E308, 4.9E-324, 0</td>
<td></td>
<td>0</td>
<td>tests.task0102.Tst0201ExpressionResolve@6a2bcfcb</td></tr>
<tr>
<td title='tests.task0102.Tst0201ExpressionResolve.checkResolveNOCatchIllegalArgExpValidValues()'><b>checkResolveNOCatchIllegalArgExpValidValues</b><br>Test class: tests.task0102.Tst0201ExpressionResolve<br>Parameters: NaN, NaN, NaN</td>
<td></td>
<td>0</td>
<td>tests.task0102.Tst0201ExpressionResolve@6a2bcfcb</td></tr>
<tr>
<td title='tests.task0102.Tst0201ExpressionResolve.checkResolveValidValue()'><b>checkResolveValidValue</b><br>Test class: tests.task0102.Tst0201ExpressionResolve<br>Parameters: 1, 2, 3, 0.25</td>
<td></td>
<td>0</td>
<td>tests.task0102.Tst0201ExpressionResolve@6a2bcfcb</td></tr>
<tr>
<td title='tests.task0102.Tst0201ExpressionResolve.checkResolveValidValue()'><b>checkResolveValidValue</b><br>Test class: tests.task0102.Tst0201ExpressionResolve<br>Parameters: 4, 5, 6, -381.96</td>
<td></td>
<td>0</td>
<td>tests.task0102.Tst0201ExpressionResolve@6a2bcfcb</td></tr>
<tr>
<td title='tests.task0102.Tst0201ExpressionResolve.checkResolveValidValue()'><b>checkResolveValidValue</b><br>Test class: tests.task0102.Tst0201ExpressionResolve<br>Parameters: -1, -2, -3, -3.75</td>
<td></td>
<td>0</td>
<td>tests.task0102.Tst0201ExpressionResolve@6a2bcfcb</td></tr>
<tr>
<td title='tests.task0110.Tst1001Generate.checkReturnedArray()'><b>checkReturnedArray</b><br>Test class: tests.task0110.Tst1001Generate<br>Parameters: 5, [[I@4abdb505</td>
<td></td>
<td>0</td>
<td>tests.task0110.Tst1001Generate@6d8a00e3</td></tr>
<tr>
<td title='tests.task0103.Tst0301Triangle.getAreaValidValue()'><b>getAreaValidValue</b><br>Test class: tests.task0103.Tst0301Triangle<br>Parameters: 2, 2, 2</td>
<td></td>
<td>0</td>
<td>tests.task0103.Tst0301Triangle@4de8b406</td></tr>
<tr>
<td title='tests.task0103.Tst0301Triangle.getPerimeterValidValue()'><b>getPerimeterValidValue</b><br>Test class: tests.task0103.Tst0301Triangle<br>Parameters: 1.0, 1.0, 3.414213562373095</td>
<td></td>
<td>0</td>
<td>tests.task0103.Tst0301Triangle@4de8b406</td></tr>
<tr>
<td title='tests.task0103.Tst0301Triangle.getPerimeterValidValue()'><b>getPerimeterValidValue</b><br>Test class: tests.task0103.Tst0301Triangle<br>Parameters: 2.5, 2.5, 8.535533905932738</td>
<td></td>
<td>0</td>
<td>tests.task0103.Tst0301Triangle@4de8b406</td></tr>
<tr>
<td title='tests.task0103.Tst0301Triangle.getPerimeterValidValue()'><b>getPerimeterValidValue</b><br>Test class: tests.task0103.Tst0301Triangle<br>Parameters: 3.5, 4.5, 13.70087712549569</td>
<td></td>
<td>0</td>
<td>tests.task0103.Tst0301Triangle@4de8b406</td></tr>
<tr>
<td title='tests.task0103.Tst0301Triangle.getPerimeterValidValue()'><b>getPerimeterValidValue</b><br>Test class: tests.task0103.Tst0301Triangle<br>Parameters: 4.9E-324, 4.9E-324, 1.0E-323</td>
<td></td>
<td>0</td>
<td>tests.task0103.Tst0301Triangle@4de8b406</td></tr>
<tr>
<td title='tests.task0108.Tst0801ArrayExceptionPos.illegalArgExpIncorrectValues()'><b>illegalArgExpIncorrectValues</b><br>Test class: tests.task0108.Tst0801ArrayExceptionPos<br>Parameters: -1</td>
<td><div><pre>java.lang.IllegalArgumentException: Size can not be a negative number
	at tests.task0108.Tst0801ArrayExceptionPos.illegalArgExpIncorrectValues(Tst0801ArrayExceptionPos.java:20)
... Removed 25 stack frames</pre></div><a href='#' onClick='toggleBox("stack-trace22429093", this, "Click to show all stack frames", "Click to hide stack frames")'>Click to show all stack frames</a>
<div class='stack-trace' id='stack-trace22429093'><pre>java.lang.IllegalArgumentException: Size can not be a negative number
	at tests.task0108.Tst0801ArrayExceptionPos.illegalArgExpIncorrectValues(Tst0801ArrayExceptionPos.java:20)
	at sun.reflect.NativeMethodAccessorImpl.invoke0(Native Method)
	at sun.reflect.NativeMethodAccessorImpl.invoke(NativeMethodAccessorImpl.java:62)
	at sun.reflect.DelegatingMethodAccessorImpl.invoke(DelegatingMethodAccessorImpl.java:43)
	at java.lang.reflect.Method.invoke(Method.java:498)
	at org.testng.internal.MethodInvocationHelper.invokeMethod(MethodInvocationHelper.java:108)
	at org.testng.internal.Invoker.invokeMethod(Invoker.java:661)
	at org.testng.internal.Invoker.invokeTestMethod(Invoker.java:869)
	at org.testng.internal.Invoker.invokeTestMethods(Invoker.java:1193)
	at org.testng.internal.TestMethodWorker.invokeTestMethods(TestMethodWorker.java:126)
	at org.testng.internal.TestMethodWorker.run(TestMethodWorker.java:109)
	at org.testng.TestRunner.privateRun(TestRunner.java:744)
	at org.testng.TestRunner.run(TestRunner.java:602)
	at org.testng.SuiteRunner.runTest(SuiteRunner.java:380)
	at org.testng.SuiteRunner.runSequentially(SuiteRunner.java:375)
	at org.testng.SuiteRunner.privateRun(SuiteRunner.java:340)
	at org.testng.SuiteRunner.run(SuiteRunner.java:289)
	at org.testng.SuiteRunnerWorker.runSuite(SuiteRunnerWorker.java:52)
	at org.testng.SuiteRunnerWorker.run(SuiteRunnerWorker.java:86)
	at org.testng.TestNG.runSuitesSequentially(TestNG.java:1301)
	at org.testng.TestNG.runSuitesLocally(TestNG.java:1226)
	at org.testng.TestNG.runSuites(TestNG.java:1144)
	at org.testng.TestNG.run(TestNG.java:1115)
	at org.testng.remote.AbstractRemoteTestNG.run(AbstractRemoteTestNG.java:132)
	at org.testng.remote.RemoteTestNG.initAndRun(RemoteTestNG.java:230)
	at org.testng.remote.RemoteTestNG.main(RemoteTestNG.java:76)
</pre></div></td>
<td>0</td>
<td>tests.task0108.Tst0801ArrayExceptionPos@573f2bb1</td></tr>
<tr>
<td title='tests.task0108.Tst0801ArrayExceptionPos.illegalArgExpIncorrectValues()'><b>illegalArgExpIncorrectValues</b><br>Test class: tests.task0108.Tst0801ArrayExceptionPos<br>Parameters: -2147483648</td>
<td><div><pre>java.lang.IllegalArgumentException: Size can not be a negative number
	at tests.task0108.Tst0801ArrayExceptionPos.illegalArgExpIncorrectValues(Tst0801ArrayExceptionPos.java:20)
... Removed 25 stack frames</pre></div><a href='#' onClick='toggleBox("stack-trace815992954", this, "Click to show all stack frames", "Click to hide stack frames")'>Click to show all stack frames</a>
<div class='stack-trace' id='stack-trace815992954'><pre>java.lang.IllegalArgumentException: Size can not be a negative number
	at tests.task0108.Tst0801ArrayExceptionPos.illegalArgExpIncorrectValues(Tst0801ArrayExceptionPos.java:20)
	at sun.reflect.NativeMethodAccessorImpl.invoke0(Native Method)
	at sun.reflect.NativeMethodAccessorImpl.invoke(NativeMethodAccessorImpl.java:62)
	at sun.reflect.DelegatingMethodAccessorImpl.invoke(DelegatingMethodAccessorImpl.java:43)
	at java.lang.reflect.Method.invoke(Method.java:498)
	at org.testng.internal.MethodInvocationHelper.invokeMethod(MethodInvocationHelper.java:108)
	at org.testng.internal.Invoker.invokeMethod(Invoker.java:661)
	at org.testng.internal.Invoker.invokeTestMethod(Invoker.java:869)
	at org.testng.internal.Invoker.invokeTestMethods(Invoker.java:1193)
	at org.testng.internal.TestMethodWorker.invokeTestMethods(TestMethodWorker.java:126)
	at org.testng.internal.TestMethodWorker.run(TestMethodWorker.java:109)
	at org.testng.TestRunner.privateRun(TestRunner.java:744)
	at org.testng.TestRunner.run(TestRunner.java:602)
	at org.testng.SuiteRunner.runTest(SuiteRunner.java:380)
	at org.testng.SuiteRunner.runSequentially(SuiteRunner.java:375)
	at org.testng.SuiteRunner.privateRun(SuiteRunner.java:340)
	at org.testng.SuiteRunner.run(SuiteRunner.java:289)
	at org.testng.SuiteRunnerWorker.runSuite(SuiteRunnerWorker.java:52)
	at org.testng.SuiteRunnerWorker.run(SuiteRunnerWorker.java:86)
	at org.testng.TestNG.runSuitesSequentially(TestNG.java:1301)
	at org.testng.TestNG.runSuitesLocally(TestNG.java:1226)
	at org.testng.TestNG.runSuites(TestNG.java:1144)
	at org.testng.TestNG.run(TestNG.java:1115)
	at org.testng.remote.AbstractRemoteTestNG.run(AbstractRemoteTestNG.java:132)
	at org.testng.remote.RemoteTestNG.initAndRun(RemoteTestNG.java:230)
	at org.testng.remote.RemoteTestNG.main(RemoteTestNG.java:76)
</pre></div></td>
<td>0</td>
<td>tests.task0108.Tst0801ArrayExceptionPos@573f2bb1</td></tr>
<tr>
<td title='tests.task0104.Tst0401IsPointInArea.isPointInArea_ValidValuesInArea()'><b>isPointInArea_ValidValuesInArea</b><br>Test class: tests.task0104.Tst0401IsPointInArea<br>Parameters: 1.0, 1.0, true</td>
<td></td>
<td>0</td>
<td>tests.task0104.Tst0401IsPointInArea@3c756e4d</td></tr>
<tr>
<td title='tests.task0104.Tst0401IsPointInArea.isPointInArea_ValidValuesInArea()'><b>isPointInArea_ValidValuesInArea</b><br>Test class: tests.task0104.Tst0401IsPointInArea<br>Parameters: -1.0, 1.0, true</td>
<td></td>
<td>0</td>
<td>tests.task0104.Tst0401IsPointInArea@3c756e4d</td></tr>
<tr>
<td title='tests.task0104.Tst0401IsPointInArea.isPointInArea_ValidValuesInArea()'><b>isPointInArea_ValidValuesInArea</b><br>Test class: tests.task0104.Tst0401IsPointInArea<br>Parameters: -1.0, -1.0, true</td>
<td></td>
<td>0</td>
<td>tests.task0104.Tst0401IsPointInArea@3c756e4d</td></tr>
<tr>
<td title='tests.task0104.Tst0401IsPointInArea.isPointInArea_ValidValuesInArea()'><b>isPointInArea_ValidValuesInArea</b><br>Test class: tests.task0104.Tst0401IsPointInArea<br>Parameters: 1.0, -1.0, true</td>
<td></td>
<td>0</td>
<td>tests.task0104.Tst0401IsPointInArea@3c756e4d</td></tr>
<tr>
<td title='tests.task0104.Tst0401IsPointInArea.isPointInArea_ValidValuesInArea()'><b>isPointInArea_ValidValuesInArea</b><br>Test class: tests.task0104.Tst0401IsPointInArea<br>Parameters: 0.0, 4.0, true</td>
<td></td>
<td>0</td>
<td>tests.task0104.Tst0401IsPointInArea@3c756e4d</td></tr>
<tr>
<td title='tests.task0104.Tst0401IsPointInArea.isPointInArea_ValidValuesInArea()'><b>isPointInArea_ValidValuesInArea</b><br>Test class: tests.task0104.Tst0401IsPointInArea<br>Parameters: 1.0, 4.0, true</td>
<td></td>
<td>0</td>
<td>tests.task0104.Tst0401IsPointInArea@3c756e4d</td></tr>
<tr>
<td title='tests.task0104.Tst0401IsPointInArea.isPointInArea_ValidValuesInArea()'><b>isPointInArea_ValidValuesInArea</b><br>Test class: tests.task0104.Tst0401IsPointInArea<br>Parameters: 2.0, 4.0, true</td>
<td></td>
<td>0</td>
<td>tests.task0104.Tst0401IsPointInArea@3c756e4d</td></tr>
<tr>
<td title='tests.task0104.Tst0401IsPointInArea.isPointInArea_ValidValuesInArea()'><b>isPointInArea_ValidValuesInArea</b><br>Test class: tests.task0104.Tst0401IsPointInArea<br>Parameters: 2.0, 3.0, true</td>
<td></td>
<td>0</td>
<td>tests.task0104.Tst0401IsPointInArea@3c756e4d</td></tr>
<tr>
<td title='tests.task0104.Tst0401IsPointInArea.isPointInArea_ValidValuesInArea()'><b>isPointInArea_ValidValuesInArea</b><br>Test class: tests.task0104.Tst0401IsPointInArea<br>Parameters: 2.0, 2.0, true</td>
<td></td>
<td>0</td>
<td>tests.task0104.Tst0401IsPointInArea@3c756e4d</td></tr>
<tr>
<td title='tests.task0104.Tst0401IsPointInArea.isPointInArea_ValidValuesInArea()'><b>isPointInArea_ValidValuesInArea</b><br>Test class: tests.task0104.Tst0401IsPointInArea<br>Parameters: 2.0, 1.0, true</td>
<td></td>
<td>0</td>
<td>tests.task0104.Tst0401IsPointInArea@3c756e4d</td></tr>
<tr>
<td title='tests.task0104.Tst0401IsPointInArea.isPointInArea_ValidValuesInArea()'><b>isPointInArea_ValidValuesInArea</b><br>Test class: tests.task0104.Tst0401IsPointInArea<br>Parameters: 2.0, 0.0, true</td>
<td></td>
<td>0</td>
<td>tests.task0104.Tst0401IsPointInArea@3c756e4d</td></tr>
<tr>
<td title='tests.task0104.Tst0401IsPointInArea.isPointInArea_ValidValuesInArea()'><b>isPointInArea_ValidValuesInArea</b><br>Test class: tests.task0104.Tst0401IsPointInArea<br>Parameters: 3.0, 0.0, true</td>
<td></td>
<td>0</td>
<td>tests.task0104.Tst0401IsPointInArea@3c756e4d</td></tr>
<tr>
<td title='tests.task0104.Tst0401IsPointInArea.isPointInArea_ValidValuesInArea()'><b>isPointInArea_ValidValuesInArea</b><br>Test class: tests.task0104.Tst0401IsPointInArea<br>Parameters: 4.0, 0.0, true</td>
<td></td>
<td>0</td>
<td>tests.task0104.Tst0401IsPointInArea@3c756e4d</td></tr>
<tr>
<td title='tests.task0104.Tst0401IsPointInArea.isPointInArea_ValidValuesInArea()'><b>isPointInArea_ValidValuesInArea</b><br>Test class: tests.task0104.Tst0401IsPointInArea<br>Parameters: 4.0, -1.0, true</td>
<td></td>
<td>0</td>
<td>tests.task0104.Tst0401IsPointInArea@3c756e4d</td></tr>
<tr>
<td title='tests.task0104.Tst0401IsPointInArea.isPointInArea_ValidValuesInArea()'><b>isPointInArea_ValidValuesInArea</b><br>Test class: tests.task0104.Tst0401IsPointInArea<br>Parameters: 4.0, -2.0, true</td>
<td></td>
<td>0</td>
<td>tests.task0104.Tst0401IsPointInArea@3c756e4d</td></tr>
<tr>
<td title='tests.task0104.Tst0401IsPointInArea.isPointInArea_ValidValuesInArea()'><b>isPointInArea_ValidValuesInArea</b><br>Test class: tests.task0104.Tst0401IsPointInArea<br>Parameters: 4.0, -3.0, true</td>
<td></td>
<td>0</td>
<td>tests.task0104.Tst0401IsPointInArea@3c756e4d</td></tr>
<tr>
<td title='tests.task0104.Tst0401IsPointInArea.isPointInArea_ValidValuesInArea()'><b>isPointInArea_ValidValuesInArea</b><br>Test class: tests.task0104.Tst0401IsPointInArea<br>Parameters: 3.0, -3.0, true</td>
<td></td>
<td>0</td>
<td>tests.task0104.Tst0401IsPointInArea@3c756e4d</td></tr>
<tr>
<td title='tests.task0104.Tst0401IsPointInArea.isPointInArea_ValidValuesInArea()'><b>isPointInArea_ValidValuesInArea</b><br>Test class: tests.task0104.Tst0401IsPointInArea<br>Parameters: 2.0, -3.0, true</td>
<td></td>
<td>0</td>
<td>tests.task0104.Tst0401IsPointInArea@3c756e4d</td></tr>
<tr>
<td title='tests.task0104.Tst0401IsPointInArea.isPointInArea_ValidValuesInArea()'><b>isPointInArea_ValidValuesInArea</b><br>Test class: tests.task0104.Tst0401IsPointInArea<br>Parameters: 1.0, -3.0, true</td>
<td></td>
<td>0</td>
<td>tests.task0104.Tst0401IsPointInArea@3c756e4d</td></tr>
<tr>
<td title='tests.task0104.Tst0401IsPointInArea.isPointInArea_ValidValuesInArea()'><b>isPointInArea_ValidValuesInArea</b><br>Test class: tests.task0104.Tst0401IsPointInArea<br>Parameters: 0.0, -3.0, true</td>
<td></td>
<td>0</td>
<td>tests.task0104.Tst0401IsPointInArea@3c756e4d</td></tr>
<tr>
<td title='tests.task0104.Tst0401IsPointInArea.isPointInArea_ValidValuesInArea()'><b>isPointInArea_ValidValuesInArea</b><br>Test class: tests.task0104.Tst0401IsPointInArea<br>Parameters: -1.0, -3.0, true</td>
<td></td>
<td>0</td>
<td>tests.task0104.Tst0401IsPointInArea@3c756e4d</td></tr>
<tr>
<td title='tests.task0104.Tst0401IsPointInArea.isPointInArea_ValidValuesInArea()'><b>isPointInArea_ValidValuesInArea</b><br>Test class: tests.task0104.Tst0401IsPointInArea<br>Parameters: -2.0, -3.0, true</td>
<td></td>
<td>0</td>
<td>tests.task0104.Tst0401IsPointInArea@3c756e4d</td></tr>
<tr>
<td title='tests.task0104.Tst0401IsPointInArea.isPointInArea_ValidValuesInArea()'><b>isPointInArea_ValidValuesInArea</b><br>Test class: tests.task0104.Tst0401IsPointInArea<br>Parameters: -3.0, -3.0, true</td>
<td></td>
<td>0</td>
<td>tests.task0104.Tst0401IsPointInArea@3c756e4d</td></tr>
<tr>
<td title='tests.task0104.Tst0401IsPointInArea.isPointInArea_ValidValuesInArea()'><b>isPointInArea_ValidValuesInArea</b><br>Test class: tests.task0104.Tst0401IsPointInArea<br>Parameters: -4.0, -3.0, true</td>
<td></td>
<td>0</td>
<td>tests.task0104.Tst0401IsPointInArea@3c756e4d</td></tr>
<tr>
<td title='tests.task0104.Tst0401IsPointInArea.isPointInArea_ValidValuesInArea()'><b>isPointInArea_ValidValuesInArea</b><br>Test class: tests.task0104.Tst0401IsPointInArea<br>Parameters: -4.0, -2.0, true</td>
<td></td>
<td>0</td>
<td>tests.task0104.Tst0401IsPointInArea@3c756e4d</td></tr>
<tr>
<td title='tests.task0104.Tst0401IsPointInArea.isPointInArea_ValidValuesInArea()'><b>isPointInArea_ValidValuesInArea</b><br>Test class: tests.task0104.Tst0401IsPointInArea<br>Parameters: -4.0, -1.0, true</td>
<td></td>
<td>0</td>
<td>tests.task0104.Tst0401IsPointInArea@3c756e4d</td></tr>
<tr>
<td title='tests.task0104.Tst0401IsPointInArea.isPointInArea_ValidValuesInArea()'><b>isPointInArea_ValidValuesInArea</b><br>Test class: tests.task0104.Tst0401IsPointInArea<br>Parameters: -4.0, 0.0, true</td>
<td></td>
<td>0</td>
<td>tests.task0104.Tst0401IsPointInArea@3c756e4d</td></tr>
<tr>
<td title='tests.task0104.Tst0401IsPointInArea.isPointInArea_ValidValuesInArea()'><b>isPointInArea_ValidValuesInArea</b><br>Test class: tests.task0104.Tst0401IsPointInArea<br>Parameters: -3.0, 0.0, true</td>
<td></td>
<td>0</td>
<td>tests.task0104.Tst0401IsPointInArea@3c756e4d</td></tr>
<tr>
<td title='tests.task0104.Tst0401IsPointInArea.isPointInArea_ValidValuesInArea()'><b>isPointInArea_ValidValuesInArea</b><br>Test class: tests.task0104.Tst0401IsPointInArea<br>Parameters: -2.0, 0.0, true</td>
<td></td>
<td>0</td>
<td>tests.task0104.Tst0401IsPointInArea@3c756e4d</td></tr>
<tr>
<td title='tests.task0104.Tst0401IsPointInArea.isPointInArea_ValidValuesInArea()'><b>isPointInArea_ValidValuesInArea</b><br>Test class: tests.task0104.Tst0401IsPointInArea<br>Parameters: -2.0, 1.0, true</td>
<td></td>
<td>0</td>
<td>tests.task0104.Tst0401IsPointInArea@3c756e4d</td></tr>
<tr>
<td title='tests.task0104.Tst0401IsPointInArea.isPointInArea_ValidValuesInArea()'><b>isPointInArea_ValidValuesInArea</b><br>Test class: tests.task0104.Tst0401IsPointInArea<br>Parameters: -2.0, 2.0, true</td>
<td></td>
<td>0</td>
<td>tests.task0104.Tst0401IsPointInArea@3c756e4d</td></tr>
<tr>
<td title='tests.task0104.Tst0401IsPointInArea.isPointInArea_ValidValuesInArea()'><b>isPointInArea_ValidValuesInArea</b><br>Test class: tests.task0104.Tst0401IsPointInArea<br>Parameters: -2.0, 3.0, true</td>
<td></td>
<td>0</td>
<td>tests.task0104.Tst0401IsPointInArea@3c756e4d</td></tr>
<tr>
<td title='tests.task0104.Tst0401IsPointInArea.isPointInArea_ValidValuesInArea()'><b>isPointInArea_ValidValuesInArea</b><br>Test class: tests.task0104.Tst0401IsPointInArea<br>Parameters: -2.0, 4.0, true</td>
<td></td>
<td>0</td>
<td>tests.task0104.Tst0401IsPointInArea@3c756e4d</td></tr>
<tr>
<td title='tests.task0104.Tst0401IsPointInArea.isPointInArea_ValidValuesInArea()'><b>isPointInArea_ValidValuesInArea</b><br>Test class: tests.task0104.Tst0401IsPointInArea<br>Parameters: -1.0, 4.0, true</td>
<td></td>
<td>0</td>
<td>tests.task0104.Tst0401IsPointInArea@3c756e4d</td></tr>
<tr>
<td title='tests.task0104.Tst0401IsPointInArea.isPointInArea_ValidValuesInArea()'><b>isPointInArea_ValidValuesInArea</b><br>Test class: tests.task0104.Tst0401IsPointInArea<br>Parameters: 0.0, -1.6, true</td>
<td></td>
<td>0</td>
<td>tests.task0104.Tst0401IsPointInArea@3c756e4d</td></tr>
<tr>
<td title='tests.task0104.Tst0401IsPointInArea.isPointInArea_ValidValuesInArea()'><b>isPointInArea_ValidValuesInArea</b><br>Test class: tests.task0104.Tst0401IsPointInArea<br>Parameters: 0.0, -0.4, true</td>
<td></td>
<td>0</td>
<td>tests.task0104.Tst0401IsPointInArea@3c756e4d</td></tr>
<tr>
<td title='tests.task0104.Tst0401IsPointInArea.isPointInArea_ValidValuesInArea()'><b>isPointInArea_ValidValuesInArea</b><br>Test class: tests.task0104.Tst0401IsPointInArea<br>Parameters: 0.6, -1.0, true</td>
<td></td>
<td>0</td>
<td>tests.task0104.Tst0401IsPointInArea@3c756e4d</td></tr>
<tr>
<td title='tests.task0104.Tst0401IsPointInArea.isPointInArea_ValidValuesInArea()'><b>isPointInArea_ValidValuesInArea</b><br>Test class: tests.task0104.Tst0401IsPointInArea<br>Parameters: -0.6, -1.0, true</td>
<td></td>
<td>0</td>
<td>tests.task0104.Tst0401IsPointInArea@3c756e4d</td></tr>
<tr>
<td title='tests.task0104.Tst0401IsPointInArea.isPointInArea_ValidValuesOutOfArea()'><b>isPointInArea_ValidValuesOutOfArea</b><br>Test class: tests.task0104.Tst0401IsPointInArea<br>Parameters: 5.0, -5.0, false</td>
<td></td>
<td>0</td>
<td>tests.task0104.Tst0401IsPointInArea@3c756e4d</td></tr>
<tr>
<td title='tests.task0104.Tst0401IsPointInArea.isPointInArea_ValidValuesOutOfArea()'><b>isPointInArea_ValidValuesOutOfArea</b><br>Test class: tests.task0104.Tst0401IsPointInArea<br>Parameters: -5.0, -5.0, false</td>
<td></td>
<td>0</td>
<td>tests.task0104.Tst0401IsPointInArea@3c756e4d</td></tr>
<tr>
<td title='tests.task0104.Tst0401IsPointInArea.isPointInArea_ValidValuesOutOfArea()'><b>isPointInArea_ValidValuesOutOfArea</b><br>Test class: tests.task0104.Tst0401IsPointInArea<br>Parameters: -5.0, 5.0, false</td>
<td></td>
<td>0</td>
<td>tests.task0104.Tst0401IsPointInArea@3c756e4d</td></tr>
<tr>
<td title='tests.task0104.Tst0401IsPointInArea.isPointInArea_ValidValuesOutOfArea()'><b>isPointInArea_ValidValuesOutOfArea</b><br>Test class: tests.task0104.Tst0401IsPointInArea<br>Parameters: 5.0, 5.0, false</td>
<td></td>
<td>0</td>
<td>tests.task0104.Tst0401IsPointInArea@3c756e4d</td></tr>
<tr>
<td title='tests.task0104.Tst0401IsPointInArea.isPointInArea_ValidValuesOutOfArea()'><b>isPointInArea_ValidValuesOutOfArea</b><br>Test class: tests.task0104.Tst0401IsPointInArea<br>Parameters: 0.0, 4.1, false</td>
<td></td>
<td>0</td>
<td>tests.task0104.Tst0401IsPointInArea@3c756e4d</td></tr>
<tr>
<td title='tests.task0104.Tst0401IsPointInArea.isPointInArea_ValidValuesOutOfArea()'><b>isPointInArea_ValidValuesOutOfArea</b><br>Test class: tests.task0104.Tst0401IsPointInArea<br>Parameters: 1.0, 4.1, false</td>
<td></td>
<td>0</td>
<td>tests.task0104.Tst0401IsPointInArea@3c756e4d</td></tr>
<tr>
<td title='tests.task0104.Tst0401IsPointInArea.isPointInArea_ValidValuesOutOfArea()'><b>isPointInArea_ValidValuesOutOfArea</b><br>Test class: tests.task0104.Tst0401IsPointInArea<br>Parameters: 2.0, 4.1, false</td>
<td></td>
<td>0</td>
<td>tests.task0104.Tst0401IsPointInArea@3c756e4d</td></tr>
<tr>
<td title='tests.task0104.Tst0401IsPointInArea.isPointInArea_ValidValuesOutOfArea()'><b>isPointInArea_ValidValuesOutOfArea</b><br>Test class: tests.task0104.Tst0401IsPointInArea<br>Parameters: 2.1, 3.0, false</td>
<td></td>
<td>0</td>
<td>tests.task0104.Tst0401IsPointInArea@3c756e4d</td></tr>
<tr>
<td title='tests.task0104.Tst0401IsPointInArea.isPointInArea_ValidValuesOutOfArea()'><b>isPointInArea_ValidValuesOutOfArea</b><br>Test class: tests.task0104.Tst0401IsPointInArea<br>Parameters: 2.1, 2.0, false</td>
<td></td>
<td>0</td>
<td>tests.task0104.Tst0401IsPointInArea@3c756e4d</td></tr>
<tr>
<td title='tests.task0104.Tst0401IsPointInArea.isPointInArea_ValidValuesOutOfArea()'><b>isPointInArea_ValidValuesOutOfArea</b><br>Test class: tests.task0104.Tst0401IsPointInArea<br>Parameters: 2.1, 1.0, false</td>
<td></td>
<td>0</td>
<td>tests.task0104.Tst0401IsPointInArea@3c756e4d</td></tr>
<tr>
<td title='tests.task0104.Tst0401IsPointInArea.isPointInArea_ValidValuesOutOfArea()'><b>isPointInArea_ValidValuesOutOfArea</b><br>Test class: tests.task0104.Tst0401IsPointInArea<br>Parameters: 2.1, 0.1, false</td>
<td></td>
<td>0</td>
<td>tests.task0104.Tst0401IsPointInArea@3c756e4d</td></tr>
<tr>
<td title='tests.task0104.Tst0401IsPointInArea.isPointInArea_ValidValuesOutOfArea()'><b>isPointInArea_ValidValuesOutOfArea</b><br>Test class: tests.task0104.Tst0401IsPointInArea<br>Parameters: 3.0, 0.1, false</td>
<td></td>
<td>0</td>
<td>tests.task0104.Tst0401IsPointInArea@3c756e4d</td></tr>
<tr>
<td title='tests.task0104.Tst0401IsPointInArea.isPointInArea_ValidValuesOutOfArea()'><b>isPointInArea_ValidValuesOutOfArea</b><br>Test class: tests.task0104.Tst0401IsPointInArea<br>Parameters: 4.0, 0.1, false</td>
<td></td>
<td>0</td>
<td>tests.task0104.Tst0401IsPointInArea@3c756e4d</td></tr>
<tr>
<td title='tests.task0104.Tst0401IsPointInArea.isPointInArea_ValidValuesOutOfArea()'><b>isPointInArea_ValidValuesOutOfArea</b><br>Test class: tests.task0104.Tst0401IsPointInArea<br>Parameters: 4.1, -1.0, false</td>
<td></td>
<td>0</td>
<td>tests.task0104.Tst0401IsPointInArea@3c756e4d</td></tr>
<tr>
<td title='tests.task0104.Tst0401IsPointInArea.isPointInArea_ValidValuesOutOfArea()'><b>isPointInArea_ValidValuesOutOfArea</b><br>Test class: tests.task0104.Tst0401IsPointInArea<br>Parameters: 4.1, -2.0, false</td>
<td></td>
<td>0</td>
<td>tests.task0104.Tst0401IsPointInArea@3c756e4d</td></tr>
<tr>
<td title='tests.task0104.Tst0401IsPointInArea.isPointInArea_ValidValuesOutOfArea()'><b>isPointInArea_ValidValuesOutOfArea</b><br>Test class: tests.task0104.Tst0401IsPointInArea<br>Parameters: 4.1, -3.0, false</td>
<td></td>
<td>0</td>
<td>tests.task0104.Tst0401IsPointInArea@3c756e4d</td></tr>
<tr>
<td title='tests.task0104.Tst0401IsPointInArea.isPointInArea_ValidValuesOutOfArea()'><b>isPointInArea_ValidValuesOutOfArea</b><br>Test class: tests.task0104.Tst0401IsPointInArea<br>Parameters: 3.0, -3.1, false</td>
<td></td>
<td>0</td>
<td>tests.task0104.Tst0401IsPointInArea@3c756e4d</td></tr>
<tr>
<td title='tests.task0104.Tst0401IsPointInArea.isPointInArea_ValidValuesOutOfArea()'><b>isPointInArea_ValidValuesOutOfArea</b><br>Test class: tests.task0104.Tst0401IsPointInArea<br>Parameters: 2.0, -3.1, false</td>
<td></td>
<td>0</td>
<td>tests.task0104.Tst0401IsPointInArea@3c756e4d</td></tr>
<tr>
<td title='tests.task0104.Tst0401IsPointInArea.isPointInArea_ValidValuesOutOfArea()'><b>isPointInArea_ValidValuesOutOfArea</b><br>Test class: tests.task0104.Tst0401IsPointInArea<br>Parameters: 1.0, -3.1, false</td>
<td></td>
<td>0</td>
<td>tests.task0104.Tst0401IsPointInArea@3c756e4d</td></tr>
<tr>
<td title='tests.task0104.Tst0401IsPointInArea.isPointInArea_ValidValuesOutOfArea()'><b>isPointInArea_ValidValuesOutOfArea</b><br>Test class: tests.task0104.Tst0401IsPointInArea<br>Parameters: 0.0, -3.1, false</td>
<td></td>
<td>0</td>
<td>tests.task0104.Tst0401IsPointInArea@3c756e4d</td></tr>
<tr>
<td title='tests.task0104.Tst0401IsPointInArea.isPointInArea_ValidValuesOutOfArea()'><b>isPointInArea_ValidValuesOutOfArea</b><br>Test class: tests.task0104.Tst0401IsPointInArea<br>Parameters: -1.0, -3.1, false</td>
<td></td>
<td>0</td>
<td>tests.task0104.Tst0401IsPointInArea@3c756e4d</td></tr>
<tr>
<td title='tests.task0104.Tst0401IsPointInArea.isPointInArea_ValidValuesOutOfArea()'><b>isPointInArea_ValidValuesOutOfArea</b><br>Test class: tests.task0104.Tst0401IsPointInArea<br>Parameters: -2.0, -3.1, false</td>
<td></td>
<td>0</td>
<td>tests.task0104.Tst0401IsPointInArea@3c756e4d</td></tr>
<tr>
<td title='tests.task0104.Tst0401IsPointInArea.isPointInArea_ValidValuesOutOfArea()'><b>isPointInArea_ValidValuesOutOfArea</b><br>Test class: tests.task0104.Tst0401IsPointInArea<br>Parameters: -3.0, -3.1, false</td>
<td></td>
<td>0</td>
<td>tests.task0104.Tst0401IsPointInArea@3c756e4d</td></tr>
<tr>
<td title='tests.task0104.Tst0401IsPointInArea.isPointInArea_ValidValuesOutOfArea()'><b>isPointInArea_ValidValuesOutOfArea</b><br>Test class: tests.task0104.Tst0401IsPointInArea<br>Parameters: -4.0, -3.1, false</td>
<td></td>
<td>0</td>
<td>tests.task0104.Tst0401IsPointInArea@3c756e4d</td></tr>
<tr>
<td title='tests.task0104.Tst0401IsPointInArea.isPointInArea_ValidValuesOutOfArea()'><b>isPointInArea_ValidValuesOutOfArea</b><br>Test class: tests.task0104.Tst0401IsPointInArea<br>Parameters: -4.1, -2.0, false</td>
<td></td>
<td>0</td>
<td>tests.task0104.Tst0401IsPointInArea@3c756e4d</td></tr>
<tr>
<td title='tests.task0104.Tst0401IsPointInArea.isPointInArea_ValidValuesOutOfArea()'><b>isPointInArea_ValidValuesOutOfArea</b><br>Test class: tests.task0104.Tst0401IsPointInArea<br>Parameters: -4.1, -1.0, false</td>
<td></td>
<td>0</td>
<td>tests.task0104.Tst0401IsPointInArea@3c756e4d</td></tr>
<tr>
<td title='tests.task0104.Tst0401IsPointInArea.isPointInArea_ValidValuesOutOfArea()'><b>isPointInArea_ValidValuesOutOfArea</b><br>Test class: tests.task0104.Tst0401IsPointInArea<br>Parameters: -4.1, 0.0, false</td>
<td></td>
<td>0</td>
<td>tests.task0104.Tst0401IsPointInArea@3c756e4d</td></tr>
<tr>
<td title='tests.task0104.Tst0401IsPointInArea.isPointInArea_ValidValuesOutOfArea()'><b>isPointInArea_ValidValuesOutOfArea</b><br>Test class: tests.task0104.Tst0401IsPointInArea<br>Parameters: -3.0, 0.1, false</td>
<td></td>
<td>0</td>
<td>tests.task0104.Tst0401IsPointInArea@3c756e4d</td></tr>
<tr>
<td title='tests.task0104.Tst0401IsPointInArea.isPointInArea_ValidValuesOutOfArea()'><b>isPointInArea_ValidValuesOutOfArea</b><br>Test class: tests.task0104.Tst0401IsPointInArea<br>Parameters: -2.1, 0.1, false</td>
<td></td>
<td>0</td>
<td>tests.task0104.Tst0401IsPointInArea@3c756e4d</td></tr>
<tr>
<td title='tests.task0104.Tst0401IsPointInArea.isPointInArea_ValidValuesOutOfArea()'><b>isPointInArea_ValidValuesOutOfArea</b><br>Test class: tests.task0104.Tst0401IsPointInArea<br>Parameters: -2.1, 1.0, false</td>
<td></td>
<td>0</td>
<td>tests.task0104.Tst0401IsPointInArea@3c756e4d</td></tr>
<tr>
<td title='tests.task0104.Tst0401IsPointInArea.isPointInArea_ValidValuesOutOfArea()'><b>isPointInArea_ValidValuesOutOfArea</b><br>Test class: tests.task0104.Tst0401IsPointInArea<br>Parameters: -2.1, 2.0, false</td>
<td></td>
<td>0</td>
<td>tests.task0104.Tst0401IsPointInArea@3c756e4d</td></tr>
<tr>
<td title='tests.task0104.Tst0401IsPointInArea.isPointInArea_ValidValuesOutOfArea()'><b>isPointInArea_ValidValuesOutOfArea</b><br>Test class: tests.task0104.Tst0401IsPointInArea<br>Parameters: -2.1, 3.0, false</td>
<td></td>
<td>0</td>
<td>tests.task0104.Tst0401IsPointInArea@3c756e4d</td></tr>
<tr>
<td title='tests.task0104.Tst0401IsPointInArea.isPointInArea_ValidValuesOutOfArea()'><b>isPointInArea_ValidValuesOutOfArea</b><br>Test class: tests.task0104.Tst0401IsPointInArea<br>Parameters: -2.1, 4.0, false</td>
<td></td>
<td>0</td>
<td>tests.task0104.Tst0401IsPointInArea@3c756e4d</td></tr>
<tr>
<td title='tests.task0104.Tst0401IsPointInArea.isPointInArea_ValidValuesOutOfArea()'><b>isPointInArea_ValidValuesOutOfArea</b><br>Test class: tests.task0104.Tst0401IsPointInArea<br>Parameters: -1.0, 4.1, false</td>
<td></td>
<td>0</td>
<td>tests.task0104.Tst0401IsPointInArea@3c756e4d</td></tr>
<tr>
<td title='tests.task0104.Tst0401IsPointInArea.isPointInArea_ValidValuesOutOfArea()'><b>isPointInArea_ValidValuesOutOfArea</b><br>Test class: tests.task0104.Tst0401IsPointInArea<br>Parameters: 0.0, -1.5, false</td>
<td></td>
<td>0</td>
<td>tests.task0104.Tst0401IsPointInArea@3c756e4d</td></tr>
<tr>
<td title='tests.task0104.Tst0401IsPointInArea.isPointInArea_ValidValuesOutOfArea()'><b>isPointInArea_ValidValuesOutOfArea</b><br>Test class: tests.task0104.Tst0401IsPointInArea<br>Parameters: 0.0, -0.5, false</td>
<td></td>
<td>0</td>
<td>tests.task0104.Tst0401IsPointInArea@3c756e4d</td></tr>
<tr>
<td title='tests.task0104.Tst0401IsPointInArea.isPointInArea_ValidValuesOutOfArea()'><b>isPointInArea_ValidValuesOutOfArea</b><br>Test class: tests.task0104.Tst0401IsPointInArea<br>Parameters: 0.5, -1.0, false</td>
<td></td>
<td>0</td>
<td>tests.task0104.Tst0401IsPointInArea@3c756e4d</td></tr>
<tr>
<td title='tests.task0104.Tst0401IsPointInArea.isPointInArea_ValidValuesOutOfArea()'><b>isPointInArea_ValidValuesOutOfArea</b><br>Test class: tests.task0104.Tst0401IsPointInArea<br>Parameters: -0.5, -1.0, false</td>
<td></td>
<td>0</td>
<td>tests.task0104.Tst0401IsPointInArea@3c756e4d</td></tr>
<tr>
<td title='tests.task0106.Tst0601SumMinAndMax.maxValidValue()'><b>maxValidValue</b><br>Test class: tests.task0106.Tst0601SumMinAndMax<br>Parameters: 0.0, 0.0, 0.0</td>
<td></td>
<td>0</td>
<td>tests.task0106.Tst0601SumMinAndMax@48eff760</td></tr>
<tr>
<td title='tests.task0106.Tst0601SumMinAndMax.maxValidValue()'><b>maxValidValue</b><br>Test class: tests.task0106.Tst0601SumMinAndMax<br>Parameters: -1.0, -2.0, -1.0</td>
<td></td>
<td>0</td>
<td>tests.task0106.Tst0601SumMinAndMax@48eff760</td></tr>
<tr>
<td title='tests.task0106.Tst0601SumMinAndMax.maxValidValue()'><b>maxValidValue</b><br>Test class: tests.task0106.Tst0601SumMinAndMax<br>Parameters: -1.0, 2.0, 2.0</td>
<td></td>
<td>0</td>
<td>tests.task0106.Tst0601SumMinAndMax@48eff760</td></tr>
<tr>
<td title='tests.task0106.Tst0601SumMinAndMax.maxValidValue()'><b>maxValidValue</b><br>Test class: tests.task0106.Tst0601SumMinAndMax<br>Parameters: 1.0, 2.0, 2.0</td>
<td></td>
<td>0</td>
<td>tests.task0106.Tst0601SumMinAndMax@48eff760</td></tr>
<tr>
<td title='tests.task0106.Tst0601SumMinAndMax.minValidValue()'><b>minValidValue</b><br>Test class: tests.task0106.Tst0601SumMinAndMax<br>Parameters: 0.0, 0.0, 0.0</td>
<td></td>
<td>0</td>
<td>tests.task0106.Tst0601SumMinAndMax@48eff760</td></tr>
<tr>
<td title='tests.task0106.Tst0601SumMinAndMax.minValidValue()'><b>minValidValue</b><br>Test class: tests.task0106.Tst0601SumMinAndMax<br>Parameters: -1.0, -2.0, -2.0</td>
<td></td>
<td>0</td>
<td>tests.task0106.Tst0601SumMinAndMax@48eff760</td></tr>
<tr>
<td title='tests.task0106.Tst0601SumMinAndMax.minValidValue()'><b>minValidValue</b><br>Test class: tests.task0106.Tst0601SumMinAndMax<br>Parameters: -1.0, 2.0, -1.0</td>
<td></td>
<td>0</td>
<td>tests.task0106.Tst0601SumMinAndMax@48eff760</td></tr>
<tr>
<td title='tests.task0106.Tst0601SumMinAndMax.minValidValue()'><b>minValidValue</b><br>Test class: tests.task0106.Tst0601SumMinAndMax<br>Parameters: 1.0, 2.0, 1.0</td>
<td></td>
<td>0</td>
<td>tests.task0106.Tst0601SumMinAndMax@48eff760</td></tr>
<tr>
<td title='tests.task0108.Tst0801ArrayExceptionPos.positiveElementOfArray()'><b>positiveElementOfArray</b><br>Test class: tests.task0108.Tst0801ArrayExceptionPos<br>Parameters: [I@7ce6a65d, 2, 6</td>
<td><div><pre>java.lang.IllegalArgumentException: elements of array should be a positive number
	at tests.task0108.Tst0801ArrayExceptionPos.positiveElementOfArray(Tst0801ArrayExceptionPos.java:57)
... Removed 25 stack frames</pre></div><a href='#' onClick='toggleBox("stack-trace55331187", this, "Click to show all stack frames", "Click to hide stack frames")'>Click to show all stack frames</a>
<div class='stack-trace' id='stack-trace55331187'><pre>java.lang.IllegalArgumentException: elements of array should be a positive number
	at tests.task0108.Tst0801ArrayExceptionPos.positiveElementOfArray(Tst0801ArrayExceptionPos.java:57)
	at sun.reflect.NativeMethodAccessorImpl.invoke0(Native Method)
	at sun.reflect.NativeMethodAccessorImpl.invoke(NativeMethodAccessorImpl.java:62)
	at sun.reflect.DelegatingMethodAccessorImpl.invoke(DelegatingMethodAccessorImpl.java:43)
	at java.lang.reflect.Method.invoke(Method.java:498)
	at org.testng.internal.MethodInvocationHelper.invokeMethod(MethodInvocationHelper.java:108)
	at org.testng.internal.Invoker.invokeMethod(Invoker.java:661)
	at org.testng.internal.Invoker.invokeTestMethod(Invoker.java:869)
	at org.testng.internal.Invoker.invokeTestMethods(Invoker.java:1193)
	at org.testng.internal.TestMethodWorker.invokeTestMethods(TestMethodWorker.java:126)
	at org.testng.internal.TestMethodWorker.run(TestMethodWorker.java:109)
	at org.testng.TestRunner.privateRun(TestRunner.java:744)
	at org.testng.TestRunner.run(TestRunner.java:602)
	at org.testng.SuiteRunner.runTest(SuiteRunner.java:380)
	at org.testng.SuiteRunner.runSequentially(SuiteRunner.java:375)
	at org.testng.SuiteRunner.privateRun(SuiteRunner.java:340)
	at org.testng.SuiteRunner.run(SuiteRunner.java:289)
	at org.testng.SuiteRunnerWorker.runSuite(SuiteRunnerWorker.java:52)
	at org.testng.SuiteRunnerWorker.run(SuiteRunnerWorker.java:86)
	at org.testng.TestNG.runSuitesSequentially(TestNG.java:1301)
	at org.testng.TestNG.runSuitesLocally(TestNG.java:1226)
	at org.testng.TestNG.runSuites(TestNG.java:1144)
	at org.testng.TestNG.run(TestNG.java:1115)
	at org.testng.remote.AbstractRemoteTestNG.run(AbstractRemoteTestNG.java:132)
	at org.testng.remote.RemoteTestNG.initAndRun(RemoteTestNG.java:230)
	at org.testng.remote.RemoteTestNG.main(RemoteTestNG.java:76)
</pre></div></td>
<td>0</td>
<td>tests.task0108.Tst0801ArrayExceptionPos@573f2bb1</td></tr>
<tr>
<td title='tests.task0105.Tst0501Pow.pow_ValidValues()'><b>pow_ValidValues</b><br>Test class: tests.task0105.Tst0501Pow<br>Parameters: 0.0, 0.0, 0.0, [D@1500955a</td>
<td></td>
<td>0</td>
<td>tests.task0105.Tst0501Pow@7c0e2abd</td></tr>
<tr>
<td title='tests.task0105.Tst0501Pow.pow_ValidValues()'><b>pow_ValidValues</b><br>Test class: tests.task0105.Tst0501Pow<br>Parameters: -0.0, -0.0, -0.0, [D@e874448</td>
<td></td>
<td>0</td>
<td>tests.task0105.Tst0501Pow@7c0e2abd</td></tr>
<tr>
<td title='tests.task0105.Tst0501Pow.pow_ValidValues()'><b>pow_ValidValues</b><br>Test class: tests.task0105.Tst0501Pow<br>Parameters: -2.0, 2.0, 2.0, [D@29b5cd00</td>
<td></td>
<td>0</td>
<td>tests.task0105.Tst0501Pow@7c0e2abd</td></tr>
<tr>
<td title='tests.task0105.Tst0501Pow.pow_ValidValues()'><b>pow_ValidValues</b><br>Test class: tests.task0105.Tst0501Pow<br>Parameters: 3.0, -2.0, 3.0, [D@60285225</td>
<td></td>
<td>0</td>
<td>tests.task0105.Tst0501Pow@7c0e2abd</td></tr>
<tr>
<td title='tests.task0105.Tst0501Pow.pow_ValidValues()'><b>pow_ValidValues</b><br>Test class: tests.task0105.Tst0501Pow<br>Parameters: 4.0, 3.0, -4.0, [D@7113b13f</td>
<td></td>
<td>0</td>
<td>tests.task0105.Tst0501Pow@7c0e2abd</td></tr>
<tr>
<td title='tests.task0105.Tst0501Pow.pow_ValidValues()'><b>pow_ValidValues</b><br>Test class: tests.task0105.Tst0501Pow<br>Parameters: 4, 3, -4, [D@45820e51</td>
<td></td>
<td>0</td>
<td>tests.task0105.Tst0501Pow@7c0e2abd</td></tr>
<tr>
<td title='tests.task0105.Tst0501Pow.pow_ValidValues()'><b>pow_ValidValues</b><br>Test class: tests.task0105.Tst0501Pow<br>Parameters: 1.7976931348623157E308, 1.7976931348623157E308, 1.7976931348623157E308, [D@42d8062c</td>
<td></td>
<td>0</td>
<td>tests.task0105.Tst0501Pow@7c0e2abd</td></tr>
<tr>
<td title='tests.task0105.Tst0501Pow.pow_ValidValues()'><b>pow_ValidValues</b><br>Test class: tests.task0105.Tst0501Pow<br>Parameters: -1.7976931348623157E308, -1.7976931348623157E308, -1.7976931348623157E308, [D@6043cd28</td>
<td></td>
<td>0</td>
<td>tests.task0105.Tst0501Pow@7c0e2abd</td></tr>
<tr>
<td title='tests.task0108.Tst0801ArrayExceptionPos.summCorrectValues()'><b>summCorrectValues</b><br>Test class: tests.task0108.Tst0801ArrayExceptionPos<br>Parameters: [I@cb51256, 2, 6</td>
<td></td>
<td>0</td>
<td>tests.task0108.Tst0801ArrayExceptionPos@573f2bb1</td></tr>
<tr>
<td title='tests.task0108.Tst0801ArrayExceptionPos.summCorrectValues()'><b>summCorrectValues</b><br>Test class: tests.task0108.Tst0801ArrayExceptionPos<br>Parameters: [I@59906517, 2, 0</td>
<td></td>
<td>0</td>
<td>tests.task0108.Tst0801ArrayExceptionPos@573f2bb1</td></tr>
<tr>
<td title='tests.task0106.Tst0601SumMinAndMax.summMinAndMaxValidValue()'><b>summMinAndMaxValidValue</b><br>Test class: tests.task0106.Tst0601SumMinAndMax<br>Parameters: 0.0, 0.0, 0.0, 0.0</td>
<td></td>
<td>0</td>
<td>tests.task0106.Tst0601SumMinAndMax@48eff760</td></tr>
<tr>
<td title='tests.task0106.Tst0601SumMinAndMax.summMinAndMaxValidValue()'><b>summMinAndMaxValidValue</b><br>Test class: tests.task0106.Tst0601SumMinAndMax<br>Parameters: -1.0, -2.0, -3.0, -4.0</td>
<td></td>
<td>0</td>
<td>tests.task0106.Tst0601SumMinAndMax@48eff760</td></tr>
<tr>
<td title='tests.task0106.Tst0601SumMinAndMax.summMinAndMaxValidValue()'><b>summMinAndMaxValidValue</b><br>Test class: tests.task0106.Tst0601SumMinAndMax<br>Parameters: -1.0, 0.0, 3.0, 2.0</td>
<td></td>
<td>0</td>
<td>tests.task0106.Tst0601SumMinAndMax@48eff760</td></tr>
<tr>
<td title='tests.task0103.Tst0301Triangle.triangleIllegalArgExpIncorrectValue()'><b>triangleIllegalArgExpIncorrectValue</b><br>Test class: tests.task0103.Tst0301Triangle<br>Parameters: 0, 0</td>
<td><div><pre>java.lang.IllegalArgumentException: Parameters &apos;a&apos; and &apos;b&apos; must be greater than 0.
	at tests.task0103.Tst0301Triangle.triangleIllegalArgExpIncorrectValue(Tst0301Triangle.java:19)
... Removed 25 stack frames</pre></div><a href='#' onClick='toggleBox("stack-trace979294118", this, "Click to show all stack frames", "Click to hide stack frames")'>Click to show all stack frames</a>
<div class='stack-trace' id='stack-trace979294118'><pre>java.lang.IllegalArgumentException: Parameters &apos;a&apos; and &apos;b&apos; must be greater than 0.
	at tests.task0103.Tst0301Triangle.triangleIllegalArgExpIncorrectValue(Tst0301Triangle.java:19)
	at sun.reflect.NativeMethodAccessorImpl.invoke0(Native Method)
	at sun.reflect.NativeMethodAccessorImpl.invoke(NativeMethodAccessorImpl.java:62)
	at sun.reflect.DelegatingMethodAccessorImpl.invoke(DelegatingMethodAccessorImpl.java:43)
	at java.lang.reflect.Method.invoke(Method.java:498)
	at org.testng.internal.MethodInvocationHelper.invokeMethod(MethodInvocationHelper.java:108)
	at org.testng.internal.Invoker.invokeMethod(Invoker.java:661)
	at org.testng.internal.Invoker.invokeTestMethod(Invoker.java:869)
	at org.testng.internal.Invoker.invokeTestMethods(Invoker.java:1193)
	at org.testng.internal.TestMethodWorker.invokeTestMethods(TestMethodWorker.java:126)
	at org.testng.internal.TestMethodWorker.run(TestMethodWorker.java:109)
	at org.testng.TestRunner.privateRun(TestRunner.java:744)
	at org.testng.TestRunner.run(TestRunner.java:602)
	at org.testng.SuiteRunner.runTest(SuiteRunner.java:380)
	at org.testng.SuiteRunner.runSequentially(SuiteRunner.java:375)
	at org.testng.SuiteRunner.privateRun(SuiteRunner.java:340)
	at org.testng.SuiteRunner.run(SuiteRunner.java:289)
	at org.testng.SuiteRunnerWorker.runSuite(SuiteRunnerWorker.java:52)
	at org.testng.SuiteRunnerWorker.run(SuiteRunnerWorker.java:86)
	at org.testng.TestNG.runSuitesSequentially(TestNG.java:1301)
	at org.testng.TestNG.runSuitesLocally(TestNG.java:1226)
	at org.testng.TestNG.runSuites(TestNG.java:1144)
	at org.testng.TestNG.run(TestNG.java:1115)
	at org.testng.remote.AbstractRemoteTestNG.run(AbstractRemoteTestNG.java:132)
	at org.testng.remote.RemoteTestNG.initAndRun(RemoteTestNG.java:230)
	at org.testng.remote.RemoteTestNG.main(RemoteTestNG.java:76)
</pre></div></td>
<td>0</td>
<td>tests.task0103.Tst0301Triangle@4de8b406</td></tr>
<tr>
<td title='tests.task0103.Tst0301Triangle.triangleIllegalArgExpIncorrectValue()'><b>triangleIllegalArgExpIncorrectValue</b><br>Test class: tests.task0103.Tst0301Triangle<br>Parameters: -1, -1</td>
<td><div><pre>java.lang.IllegalArgumentException: Parameters &apos;a&apos; and &apos;b&apos; must be greater than 0.
	at tests.task0103.Tst0301Triangle.triangleIllegalArgExpIncorrectValue(Tst0301Triangle.java:19)
... Removed 25 stack frames</pre></div><a href='#' onClick='toggleBox("stack-trace488044861", this, "Click to show all stack frames", "Click to hide stack frames")'>Click to show all stack frames</a>
<div class='stack-trace' id='stack-trace488044861'><pre>java.lang.IllegalArgumentException: Parameters &apos;a&apos; and &apos;b&apos; must be greater than 0.
	at tests.task0103.Tst0301Triangle.triangleIllegalArgExpIncorrectValue(Tst0301Triangle.java:19)
	at sun.reflect.NativeMethodAccessorImpl.invoke0(Native Method)
	at sun.reflect.NativeMethodAccessorImpl.invoke(NativeMethodAccessorImpl.java:62)
	at sun.reflect.DelegatingMethodAccessorImpl.invoke(DelegatingMethodAccessorImpl.java:43)
	at java.lang.reflect.Method.invoke(Method.java:498)
	at org.testng.internal.MethodInvocationHelper.invokeMethod(MethodInvocationHelper.java:108)
	at org.testng.internal.Invoker.invokeMethod(Invoker.java:661)
	at org.testng.internal.Invoker.invokeTestMethod(Invoker.java:869)
	at org.testng.internal.Invoker.invokeTestMethods(Invoker.java:1193)
	at org.testng.internal.TestMethodWorker.invokeTestMethods(TestMethodWorker.java:126)
	at org.testng.internal.TestMethodWorker.run(TestMethodWorker.java:109)
	at org.testng.TestRunner.privateRun(TestRunner.java:744)
	at org.testng.TestRunner.run(TestRunner.java:602)
	at org.testng.SuiteRunner.runTest(SuiteRunner.java:380)
	at org.testng.SuiteRunner.runSequentially(SuiteRunner.java:375)
	at org.testng.SuiteRunner.privateRun(SuiteRunner.java:340)
	at org.testng.SuiteRunner.run(SuiteRunner.java:289)
	at org.testng.SuiteRunnerWorker.runSuite(SuiteRunnerWorker.java:52)
	at org.testng.SuiteRunnerWorker.run(SuiteRunnerWorker.java:86)
	at org.testng.TestNG.runSuitesSequentially(TestNG.java:1301)
	at org.testng.TestNG.runSuitesLocally(TestNG.java:1226)
	at org.testng.TestNG.runSuites(TestNG.java:1144)
	at org.testng.TestNG.run(TestNG.java:1115)
	at org.testng.remote.AbstractRemoteTestNG.run(AbstractRemoteTestNG.java:132)
	at org.testng.remote.RemoteTestNG.initAndRun(RemoteTestNG.java:230)
	at org.testng.remote.RemoteTestNG.main(RemoteTestNG.java:76)
</pre></div></td>
<td>0</td>
<td>tests.task0103.Tst0301Triangle@4de8b406</td></tr>
<tr>
<td title='tests.task0103.Tst0301Triangle.triangleIllegalArgExpIncorrectValue()'><b>triangleIllegalArgExpIncorrectValue</b><br>Test class: tests.task0103.Tst0301Triangle<br>Parameters: 0, -1</td>
<td><div><pre>java.lang.IllegalArgumentException: Parameters &apos;a&apos; and &apos;b&apos; must be greater than 0.
	at tests.task0103.Tst0301Triangle.triangleIllegalArgExpIncorrectValue(Tst0301Triangle.java:19)
... Removed 25 stack frames</pre></div><a href='#' onClick='toggleBox("stack-trace731260860", this, "Click to show all stack frames", "Click to hide stack frames")'>Click to show all stack frames</a>
<div class='stack-trace' id='stack-trace731260860'><pre>java.lang.IllegalArgumentException: Parameters &apos;a&apos; and &apos;b&apos; must be greater than 0.
	at tests.task0103.Tst0301Triangle.triangleIllegalArgExpIncorrectValue(Tst0301Triangle.java:19)
	at sun.reflect.NativeMethodAccessorImpl.invoke0(Native Method)
	at sun.reflect.NativeMethodAccessorImpl.invoke(NativeMethodAccessorImpl.java:62)
	at sun.reflect.DelegatingMethodAccessorImpl.invoke(DelegatingMethodAccessorImpl.java:43)
	at java.lang.reflect.Method.invoke(Method.java:498)
	at org.testng.internal.MethodInvocationHelper.invokeMethod(MethodInvocationHelper.java:108)
	at org.testng.internal.Invoker.invokeMethod(Invoker.java:661)
	at org.testng.internal.Invoker.invokeTestMethod(Invoker.java:869)
	at org.testng.internal.Invoker.invokeTestMethods(Invoker.java:1193)
	at org.testng.internal.TestMethodWorker.invokeTestMethods(TestMethodWorker.java:126)
	at org.testng.internal.TestMethodWorker.run(TestMethodWorker.java:109)
	at org.testng.TestRunner.privateRun(TestRunner.java:744)
	at org.testng.TestRunner.run(TestRunner.java:602)
	at org.testng.SuiteRunner.runTest(SuiteRunner.java:380)
	at org.testng.SuiteRunner.runSequentially(SuiteRunner.java:375)
	at org.testng.SuiteRunner.privateRun(SuiteRunner.java:340)
	at org.testng.SuiteRunner.run(SuiteRunner.java:289)
	at org.testng.SuiteRunnerWorker.runSuite(SuiteRunnerWorker.java:52)
	at org.testng.SuiteRunnerWorker.run(SuiteRunnerWorker.java:86)
	at org.testng.TestNG.runSuitesSequentially(TestNG.java:1301)
	at org.testng.TestNG.runSuitesLocally(TestNG.java:1226)
	at org.testng.TestNG.runSuites(TestNG.java:1144)
	at org.testng.TestNG.run(TestNG.java:1115)
	at org.testng.remote.AbstractRemoteTestNG.run(AbstractRemoteTestNG.java:132)
	at org.testng.remote.RemoteTestNG.initAndRun(RemoteTestNG.java:230)
	at org.testng.remote.RemoteTestNG.main(RemoteTestNG.java:76)
</pre></div></td>
<td>0</td>
<td>tests.task0103.Tst0301Triangle@4de8b406</td></tr>
<tr>
<td title='tests.task0103.Tst0301Triangle.triangleIllegalArgExpIncorrectValue()'><b>triangleIllegalArgExpIncorrectValue</b><br>Test class: tests.task0103.Tst0301Triangle<br>Parameters: -1, 0</td>
<td><div><pre>java.lang.IllegalArgumentException: Parameters &apos;a&apos; and &apos;b&apos; must be greater than 0.
	at tests.task0103.Tst0301Triangle.triangleIllegalArgExpIncorrectValue(Tst0301Triangle.java:19)
... Removed 25 stack frames</pre></div><a href='#' onClick='toggleBox("stack-trace1335298403", this, "Click to show all stack frames", "Click to hide stack frames")'>Click to show all stack frames</a>
<div class='stack-trace' id='stack-trace1335298403'><pre>java.lang.IllegalArgumentException: Parameters &apos;a&apos; and &apos;b&apos; must be greater than 0.
	at tests.task0103.Tst0301Triangle.triangleIllegalArgExpIncorrectValue(Tst0301Triangle.java:19)
	at sun.reflect.NativeMethodAccessorImpl.invoke0(Native Method)
	at sun.reflect.NativeMethodAccessorImpl.invoke(NativeMethodAccessorImpl.java:62)
	at sun.reflect.DelegatingMethodAccessorImpl.invoke(DelegatingMethodAccessorImpl.java:43)
	at java.lang.reflect.Method.invoke(Method.java:498)
	at org.testng.internal.MethodInvocationHelper.invokeMethod(MethodInvocationHelper.java:108)
	at org.testng.internal.Invoker.invokeMethod(Invoker.java:661)
	at org.testng.internal.Invoker.invokeTestMethod(Invoker.java:869)
	at org.testng.internal.Invoker.invokeTestMethods(Invoker.java:1193)
	at org.testng.internal.TestMethodWorker.invokeTestMethods(TestMethodWorker.java:126)
	at org.testng.internal.TestMethodWorker.run(TestMethodWorker.java:109)
	at org.testng.TestRunner.privateRun(TestRunner.java:744)
	at org.testng.TestRunner.run(TestRunner.java:602)
	at org.testng.SuiteRunner.runTest(SuiteRunner.java:380)
	at org.testng.SuiteRunner.runSequentially(SuiteRunner.java:375)
	at org.testng.SuiteRunner.privateRun(SuiteRunner.java:340)
	at org.testng.SuiteRunner.run(SuiteRunner.java:289)
	at org.testng.SuiteRunnerWorker.runSuite(SuiteRunnerWorker.java:52)
	at org.testng.SuiteRunnerWorker.run(SuiteRunnerWorker.java:86)
	at org.testng.TestNG.runSuitesSequentially(TestNG.java:1301)
	at org.testng.TestNG.runSuitesLocally(TestNG.java:1226)
	at org.testng.TestNG.runSuites(TestNG.java:1144)
	at org.testng.TestNG.run(TestNG.java:1115)
	at org.testng.remote.AbstractRemoteTestNG.run(AbstractRemoteTestNG.java:132)
	at org.testng.remote.RemoteTestNG.initAndRun(RemoteTestNG.java:230)
	at org.testng.remote.RemoteTestNG.main(RemoteTestNG.java:76)
</pre></div></td>
<td>0</td>
<td>tests.task0103.Tst0301Triangle@4de8b406</td></tr>
<tr>
<td title='tests.task0103.Tst0301Triangle.triangleIllegalArgExpIncorrectValue()'><b>triangleIllegalArgExpIncorrectValue</b><br>Test class: tests.task0103.Tst0301Triangle<br>Parameters: 0.1, -1</td>
<td><div><pre>java.lang.IllegalArgumentException: Parameters &apos;a&apos; and &apos;b&apos; must be greater than 0.
	at tests.task0103.Tst0301Triangle.triangleIllegalArgExpIncorrectValue(Tst0301Triangle.java:19)
... Removed 25 stack frames</pre></div><a href='#' onClick='toggleBox("stack-trace2068434592", this, "Click to show all stack frames", "Click to hide stack frames")'>Click to show all stack frames</a>
<div class='stack-trace' id='stack-trace2068434592'><pre>java.lang.IllegalArgumentException: Parameters &apos;a&apos; and &apos;b&apos; must be greater than 0.
	at tests.task0103.Tst0301Triangle.triangleIllegalArgExpIncorrectValue(Tst0301Triangle.java:19)
	at sun.reflect.NativeMethodAccessorImpl.invoke0(Native Method)
	at sun.reflect.NativeMethodAccessorImpl.invoke(NativeMethodAccessorImpl.java:62)
	at sun.reflect.DelegatingMethodAccessorImpl.invoke(DelegatingMethodAccessorImpl.java:43)
	at java.lang.reflect.Method.invoke(Method.java:498)
	at org.testng.internal.MethodInvocationHelper.invokeMethod(MethodInvocationHelper.java:108)
	at org.testng.internal.Invoker.invokeMethod(Invoker.java:661)
	at org.testng.internal.Invoker.invokeTestMethod(Invoker.java:869)
	at org.testng.internal.Invoker.invokeTestMethods(Invoker.java:1193)
	at org.testng.internal.TestMethodWorker.invokeTestMethods(TestMethodWorker.java:126)
	at org.testng.internal.TestMethodWorker.run(TestMethodWorker.java:109)
	at org.testng.TestRunner.privateRun(TestRunner.java:744)
	at org.testng.TestRunner.run(TestRunner.java:602)
	at org.testng.SuiteRunner.runTest(SuiteRunner.java:380)
	at org.testng.SuiteRunner.runSequentially(SuiteRunner.java:375)
	at org.testng.SuiteRunner.privateRun(SuiteRunner.java:340)
	at org.testng.SuiteRunner.run(SuiteRunner.java:289)
	at org.testng.SuiteRunnerWorker.runSuite(SuiteRunnerWorker.java:52)
	at org.testng.SuiteRunnerWorker.run(SuiteRunnerWorker.java:86)
	at org.testng.TestNG.runSuitesSequentially(TestNG.java:1301)
	at org.testng.TestNG.runSuitesLocally(TestNG.java:1226)
	at org.testng.TestNG.runSuites(TestNG.java:1144)
	at org.testng.TestNG.run(TestNG.java:1115)
	at org.testng.remote.AbstractRemoteTestNG.run(AbstractRemoteTestNG.java:132)
	at org.testng.remote.RemoteTestNG.initAndRun(RemoteTestNG.java:230)
	at org.testng.remote.RemoteTestNG.main(RemoteTestNG.java:76)
</pre></div></td>
<td>0</td>
<td>tests.task0103.Tst0301Triangle@4de8b406</td></tr>
<tr>
<td title='tests.task0103.Tst0301Triangle.triangleIllegalArgExpIncorrectValue()'><b>triangleIllegalArgExpIncorrectValue</b><br>Test class: tests.task0103.Tst0301Triangle<br>Parameters: -1, 0.1</td>
<td><div><pre>java.lang.IllegalArgumentException: Parameters &apos;a&apos; and &apos;b&apos; must be greater than 0.
	at tests.task0103.Tst0301Triangle.triangleIllegalArgExpIncorrectValue(Tst0301Triangle.java:19)
... Removed 25 stack frames</pre></div><a href='#' onClick='toggleBox("stack-trace2142003995", this, "Click to show all stack frames", "Click to hide stack frames")'>Click to show all stack frames</a>
<div class='stack-trace' id='stack-trace2142003995'><pre>java.lang.IllegalArgumentException: Parameters &apos;a&apos; and &apos;b&apos; must be greater than 0.
	at tests.task0103.Tst0301Triangle.triangleIllegalArgExpIncorrectValue(Tst0301Triangle.java:19)
	at sun.reflect.NativeMethodAccessorImpl.invoke0(Native Method)
	at sun.reflect.NativeMethodAccessorImpl.invoke(NativeMethodAccessorImpl.java:62)
	at sun.reflect.DelegatingMethodAccessorImpl.invoke(DelegatingMethodAccessorImpl.java:43)
	at java.lang.reflect.Method.invoke(Method.java:498)
	at org.testng.internal.MethodInvocationHelper.invokeMethod(MethodInvocationHelper.java:108)
	at org.testng.internal.Invoker.invokeMethod(Invoker.java:661)
	at org.testng.internal.Invoker.invokeTestMethod(Invoker.java:869)
	at org.testng.internal.Invoker.invokeTestMethods(Invoker.java:1193)
	at org.testng.internal.TestMethodWorker.invokeTestMethods(TestMethodWorker.java:126)
	at org.testng.internal.TestMethodWorker.run(TestMethodWorker.java:109)
	at org.testng.TestRunner.privateRun(TestRunner.java:744)
	at org.testng.TestRunner.run(TestRunner.java:602)
	at org.testng.SuiteRunner.runTest(SuiteRunner.java:380)
	at org.testng.SuiteRunner.runSequentially(SuiteRunner.java:375)
	at org.testng.SuiteRunner.privateRun(SuiteRunner.java:340)
	at org.testng.SuiteRunner.run(SuiteRunner.java:289)
	at org.testng.SuiteRunnerWorker.runSuite(SuiteRunnerWorker.java:52)
	at org.testng.SuiteRunnerWorker.run(SuiteRunnerWorker.java:86)
	at org.testng.TestNG.runSuitesSequentially(TestNG.java:1301)
	at org.testng.TestNG.runSuitesLocally(TestNG.java:1226)
	at org.testng.TestNG.runSuites(TestNG.java:1144)
	at org.testng.TestNG.run(TestNG.java:1115)
	at org.testng.remote.AbstractRemoteTestNG.run(AbstractRemoteTestNG.java:132)
	at org.testng.remote.RemoteTestNG.initAndRun(RemoteTestNG.java:230)
	at org.testng.remote.RemoteTestNG.main(RemoteTestNG.java:76)
</pre></div></td>
<td>0</td>
<td>tests.task0103.Tst0301Triangle@4de8b406</td></tr>
<tr>
<td title='tests.task0103.Tst0301Triangle.triangleIllegalArgExpIncorrectValue()'><b>triangleIllegalArgExpIncorrectValue</b><br>Test class: tests.task0103.Tst0301Triangle<br>Parameters: -1.1, -1.1</td>
<td><div><pre>java.lang.IllegalArgumentException: Parameters &apos;a&apos; and &apos;b&apos; must be greater than 0.
	at tests.task0103.Tst0301Triangle.triangleIllegalArgExpIncorrectValue(Tst0301Triangle.java:19)
... Removed 25 stack frames</pre></div><a href='#' onClick='toggleBox("stack-trace1846412426", this, "Click to show all stack frames", "Click to hide stack frames")'>Click to show all stack frames</a>
<div class='stack-trace' id='stack-trace1846412426'><pre>java.lang.IllegalArgumentException: Parameters &apos;a&apos; and &apos;b&apos; must be greater than 0.
	at tests.task0103.Tst0301Triangle.triangleIllegalArgExpIncorrectValue(Tst0301Triangle.java:19)
	at sun.reflect.NativeMethodAccessorImpl.invoke0(Native Method)
	at sun.reflect.NativeMethodAccessorImpl.invoke(NativeMethodAccessorImpl.java:62)
	at sun.reflect.DelegatingMethodAccessorImpl.invoke(DelegatingMethodAccessorImpl.java:43)
	at java.lang.reflect.Method.invoke(Method.java:498)
	at org.testng.internal.MethodInvocationHelper.invokeMethod(MethodInvocationHelper.java:108)
	at org.testng.internal.Invoker.invokeMethod(Invoker.java:661)
	at org.testng.internal.Invoker.invokeTestMethod(Invoker.java:869)
	at org.testng.internal.Invoker.invokeTestMethods(Invoker.java:1193)
	at org.testng.internal.TestMethodWorker.invokeTestMethods(TestMethodWorker.java:126)
	at org.testng.internal.TestMethodWorker.run(TestMethodWorker.java:109)
	at org.testng.TestRunner.privateRun(TestRunner.java:744)
	at org.testng.TestRunner.run(TestRunner.java:602)
	at org.testng.SuiteRunner.runTest(SuiteRunner.java:380)
	at org.testng.SuiteRunner.runSequentially(SuiteRunner.java:375)
	at org.testng.SuiteRunner.privateRun(SuiteRunner.java:340)
	at org.testng.SuiteRunner.run(SuiteRunner.java:289)
	at org.testng.SuiteRunnerWorker.runSuite(SuiteRunnerWorker.java:52)
	at org.testng.SuiteRunnerWorker.run(SuiteRunnerWorker.java:86)
	at org.testng.TestNG.runSuitesSequentially(TestNG.java:1301)
	at org.testng.TestNG.runSuitesLocally(TestNG.java:1226)
	at org.testng.TestNG.runSuites(TestNG.java:1144)
	at org.testng.TestNG.run(TestNG.java:1115)
	at org.testng.remote.AbstractRemoteTestNG.run(AbstractRemoteTestNG.java:132)
	at org.testng.remote.RemoteTestNG.initAndRun(RemoteTestNG.java:230)
	at org.testng.remote.RemoteTestNG.main(RemoteTestNG.java:76)
</pre></div></td>
<td>0</td>
<td>tests.task0103.Tst0301Triangle@4de8b406</td></tr>
<tr>
<td title='tests.task0103.Tst0301Triangle.triangleIllegalArgExpIncorrectValue()'><b>triangleIllegalArgExpIncorrectValue</b><br>Test class: tests.task0103.Tst0301Triangle<br>Parameters: -4.9E-324, -1</td>
<td><div><pre>java.lang.IllegalArgumentException: Parameters &apos;a&apos; and &apos;b&apos; must be greater than 0.
	at tests.task0103.Tst0301Triangle.triangleIllegalArgExpIncorrectValue(Tst0301Triangle.java:19)
... Removed 25 stack frames</pre></div><a href='#' onClick='toggleBox("stack-trace1206883981", this, "Click to show all stack frames", "Click to hide stack frames")'>Click to show all stack frames</a>
<div class='stack-trace' id='stack-trace1206883981'><pre>java.lang.IllegalArgumentException: Parameters &apos;a&apos; and &apos;b&apos; must be greater than 0.
	at tests.task0103.Tst0301Triangle.triangleIllegalArgExpIncorrectValue(Tst0301Triangle.java:19)
	at sun.reflect.NativeMethodAccessorImpl.invoke0(Native Method)
	at sun.reflect.NativeMethodAccessorImpl.invoke(NativeMethodAccessorImpl.java:62)
	at sun.reflect.DelegatingMethodAccessorImpl.invoke(DelegatingMethodAccessorImpl.java:43)
	at java.lang.reflect.Method.invoke(Method.java:498)
	at org.testng.internal.MethodInvocationHelper.invokeMethod(MethodInvocationHelper.java:108)
	at org.testng.internal.Invoker.invokeMethod(Invoker.java:661)
	at org.testng.internal.Invoker.invokeTestMethod(Invoker.java:869)
	at org.testng.internal.Invoker.invokeTestMethods(Invoker.java:1193)
	at org.testng.internal.TestMethodWorker.invokeTestMethods(TestMethodWorker.java:126)
	at org.testng.internal.TestMethodWorker.run(TestMethodWorker.java:109)
	at org.testng.TestRunner.privateRun(TestRunner.java:744)
	at org.testng.TestRunner.run(TestRunner.java:602)
	at org.testng.SuiteRunner.runTest(SuiteRunner.java:380)
	at org.testng.SuiteRunner.runSequentially(SuiteRunner.java:375)
	at org.testng.SuiteRunner.privateRun(SuiteRunner.java:340)
	at org.testng.SuiteRunner.run(SuiteRunner.java:289)
	at org.testng.SuiteRunnerWorker.runSuite(SuiteRunnerWorker.java:52)
	at org.testng.SuiteRunnerWorker.run(SuiteRunnerWorker.java:86)
	at org.testng.TestNG.runSuitesSequentially(TestNG.java:1301)
	at org.testng.TestNG.runSuitesLocally(TestNG.java:1226)
	at org.testng.TestNG.runSuites(TestNG.java:1144)
	at org.testng.TestNG.run(TestNG.java:1115)
	at org.testng.remote.AbstractRemoteTestNG.run(AbstractRemoteTestNG.java:132)
	at org.testng.remote.RemoteTestNG.initAndRun(RemoteTestNG.java:230)
	at org.testng.remote.RemoteTestNG.main(RemoteTestNG.java:76)
</pre></div></td>
<td>0</td>
<td>tests.task0103.Tst0301Triangle@4de8b406</td></tr>
<tr>
<td title='tests.task0103.Tst0301Triangle.triangleIllegalArgExpIncorrectValue()'><b>triangleIllegalArgExpIncorrectValue</b><br>Test class: tests.task0103.Tst0301Triangle<br>Parameters: -4.9E-324, -4.9E-324</td>
<td><div><pre>java.lang.IllegalArgumentException: Parameters &apos;a&apos; and &apos;b&apos; must be greater than 0.
	at tests.task0103.Tst0301Triangle.triangleIllegalArgExpIncorrectValue(Tst0301Triangle.java:19)
... Removed 25 stack frames</pre></div><a href='#' onClick='toggleBox("stack-trace1037324811", this, "Click to show all stack frames", "Click to hide stack frames")'>Click to show all stack frames</a>
<div class='stack-trace' id='stack-trace1037324811'><pre>java.lang.IllegalArgumentException: Parameters &apos;a&apos; and &apos;b&apos; must be greater than 0.
	at tests.task0103.Tst0301Triangle.triangleIllegalArgExpIncorrectValue(Tst0301Triangle.java:19)
	at sun.reflect.NativeMethodAccessorImpl.invoke0(Native Method)
	at sun.reflect.NativeMethodAccessorImpl.invoke(NativeMethodAccessorImpl.java:62)
	at sun.reflect.DelegatingMethodAccessorImpl.invoke(DelegatingMethodAccessorImpl.java:43)
	at java.lang.reflect.Method.invoke(Method.java:498)
	at org.testng.internal.MethodInvocationHelper.invokeMethod(MethodInvocationHelper.java:108)
	at org.testng.internal.Invoker.invokeMethod(Invoker.java:661)
	at org.testng.internal.Invoker.invokeTestMethod(Invoker.java:869)
	at org.testng.internal.Invoker.invokeTestMethods(Invoker.java:1193)
	at org.testng.internal.TestMethodWorker.invokeTestMethods(TestMethodWorker.java:126)
	at org.testng.internal.TestMethodWorker.run(TestMethodWorker.java:109)
	at org.testng.TestRunner.privateRun(TestRunner.java:744)
	at org.testng.TestRunner.run(TestRunner.java:602)
	at org.testng.SuiteRunner.runTest(SuiteRunner.java:380)
	at org.testng.SuiteRunner.runSequentially(SuiteRunner.java:375)
	at org.testng.SuiteRunner.privateRun(SuiteRunner.java:340)
	at org.testng.SuiteRunner.run(SuiteRunner.java:289)
	at org.testng.SuiteRunnerWorker.runSuite(SuiteRunnerWorker.java:52)
	at org.testng.SuiteRunnerWorker.run(SuiteRunnerWorker.java:86)
	at org.testng.TestNG.runSuitesSequentially(TestNG.java:1301)
	at org.testng.TestNG.runSuitesLocally(TestNG.java:1226)
	at org.testng.TestNG.runSuites(TestNG.java:1144)
	at org.testng.TestNG.run(TestNG.java:1115)
	at org.testng.remote.AbstractRemoteTestNG.run(AbstractRemoteTestNG.java:132)
	at org.testng.remote.RemoteTestNG.initAndRun(RemoteTestNG.java:230)
	at org.testng.remote.RemoteTestNG.main(RemoteTestNG.java:76)
</pre></div></td>
<td>0</td>
<td>tests.task0103.Tst0301Triangle@4de8b406</td></tr>
<tr>
<td title='tests.task0103.Tst0301Triangle.triangleIllegalArgExpValidValue()'><b>triangleIllegalArgExpValidValue</b><br>Test class: tests.task0103.Tst0301Triangle<br>Parameters: 1.7976931348623157E308, 1.7976931348623157E308</td>
<td></td>
<td>0</td>
<td>tests.task0103.Tst0301Triangle@4de8b406</td></tr>
<tr>
<td title='tests.task0103.Tst0301Triangle.triangleIllegalArgExpValidValue()'><b>triangleIllegalArgExpValidValue</b><br>Test class: tests.task0103.Tst0301Triangle<br>Parameters: 0.1, 0.1</td>
<td></td>
<td>0</td>
<td>tests.task0103.Tst0301Triangle@4de8b406</td></tr>
</table><p>
</body>
</html>